{"C:\\_Projects_SSD\\TruthOrDare\\TruthOrDare-Backend\\src\\app.controller.ts": {"path":"C:\\_Projects_SSD\\TruthOrDare\\TruthOrDare-Backend\\src\\app.controller.ts","statementMap":{"0":{"start":{"line":1,"column":0},"end":{"line":1,"column":49}},"1":{"start":{"line":2,"column":0},"end":{"line":2,"column":43}},"2":{"start":{"line":5,"column":0},"end":{"line":12,"column":null}},"3":{"start":{"line":6,"column":31},"end":{"line":6,"column":43}},"4":{"start":{"line":10,"column":4},"end":{"line":10,"column":38}},"5":{"start":{"line":9,"column":2},"end":{"line":11,"column":null}},"6":{"start":{"line":5,"column":13},"end":{"line":12,"column":null}},"7":{"start":{"line":5,"column":13},"end":{"line":5,"column":26}}},"fnMap":{"0":{"name":"(anonymous_2)","decl":{"start":{"line":6,"column":2},"end":{"line":6,"column":31}},"loc":{"start":{"line":6,"column":53},"end":{"line":6,"column":57}}},"1":{"name":"(anonymous_3)","decl":{"start":{"line":9,"column":2},"end":{"line":9,"column":10}},"loc":{"start":{"line":9,"column":10},"end":{"line":11,"column":3}}}},"branchMap":{},"s":{"0":3,"1":3,"2":3,"3":36,"4":0,"5":3,"6":3,"7":3},"f":{"0":36,"1":0},"b":{}}
,"C:\\_Projects_SSD\\TruthOrDare\\TruthOrDare-Backend\\src\\app.module.ts": {"path":"C:\\_Projects_SSD\\TruthOrDare\\TruthOrDare-Backend\\src\\app.module.ts","statementMap":{"0":{"start":{"line":1,"column":0},"end":{"line":1,"column":40}},"1":{"start":{"line":2,"column":0},"end":{"line":2,"column":49}},"2":{"start":{"line":3,"column":0},"end":{"line":3,"column":43}},"3":{"start":{"line":4,"column":0},"end":{"line":4,"column":48}},"4":{"start":{"line":5,"column":0},"end":{"line":5,"column":48}},"5":{"start":{"line":6,"column":0},"end":{"line":6,"column":45}},"6":{"start":{"line":7,"column":0},"end":{"line":7,"column":54}},"7":{"start":{"line":8,"column":0},"end":{"line":8,"column":54}},"8":{"start":{"line":9,"column":0},"end":{"line":9,"column":54}},"9":{"start":{"line":10,"column":0},"end":{"line":10,"column":50}},"10":{"start":{"line":11,"column":0},"end":{"line":11,"column":61}},"11":{"start":{"line":12,"column":0},"end":{"line":12,"column":48}},"12":{"start":{"line":13,"column":0},"end":{"line":13,"column":54}},"13":{"start":{"line":40,"column":0},"end":{"line":40,"column":null}},"14":{"start":{"line":40,"column":13},"end":{"line":40,"column":null}},"15":{"start":{"line":23,"column":53},"end":{"line":25,"column":8}},"16":{"start":{"line":40,"column":13},"end":{"line":40,"column":22}}},"fnMap":{"0":{"name":"(anonymous_1)","decl":{"start":{"line":23,"column":18},"end":{"line":23,"column":19}},"loc":{"start":{"line":23,"column":53},"end":{"line":25,"column":8}}}},"branchMap":{},"s":{"0":3,"1":3,"2":3,"3":3,"4":3,"5":3,"6":3,"7":3,"8":3,"9":3,"10":3,"11":3,"12":3,"13":3,"14":3,"15":36,"16":3},"f":{"0":36},"b":{}}
,"C:\\_Projects_SSD\\TruthOrDare\\TruthOrDare-Backend\\src\\app.service.ts": {"path":"C:\\_Projects_SSD\\TruthOrDare\\TruthOrDare-Backend\\src\\app.service.ts","statementMap":{"0":{"start":{"line":1,"column":0},"end":{"line":1,"column":44}},"1":{"start":{"line":4,"column":0},"end":{"line":8,"column":null}},"2":{"start":{"line":6,"column":4},"end":{"line":6,"column":69}},"3":{"start":{"line":4,"column":13},"end":{"line":8,"column":null}},"4":{"start":{"line":4,"column":13},"end":{"line":4,"column":23}}},"fnMap":{"0":{"name":"(anonymous_1)","decl":{"start":{"line":5,"column":2},"end":{"line":5,"column":10}},"loc":{"start":{"line":5,"column":10},"end":{"line":7,"column":3}}}},"branchMap":{},"s":{"0":3,"1":3,"2":0,"3":3,"4":3},"f":{"0":0},"b":{}}
,"C:\\_Projects_SSD\\TruthOrDare\\TruthOrDare-Backend\\src\\auth\\auth.controller.ts": {"path":"C:\\_Projects_SSD\\TruthOrDare\\TruthOrDare-Backend\\src\\auth\\auth.controller.ts","statementMap":{"0":{"start":{"line":1,"column":0},"end":{"line":1,"column":107}},"1":{"start":{"line":2,"column":0},"end":{"line":2,"column":49}},"2":{"start":{"line":3,"column":0},"end":{"line":3,"column":44}},"3":{"start":{"line":4,"column":0},"end":{"line":4,"column":69}},"4":{"start":{"line":6,"column":0},"end":{"line":6,"column":72}},"5":{"start":{"line":7,"column":0},"end":{"line":7,"column":78}},"6":{"start":{"line":8,"column":0},"end":{"line":8,"column":75}},"7":{"start":{"line":9,"column":0},"end":{"line":9,"column":42}},"8":{"start":{"line":13,"column":0},"end":{"line":75,"column":null}},"9":{"start":{"line":14,"column":33},"end":{"line":14,"column":46}},"10":{"start":{"line":19,"column":6},"end":{"line":19,"column":62}},"11":{"start":{"line":26,"column":6},"end":{"line":26,"column":null}},"12":{"start":{"line":40,"column":6},"end":{"line":40,"column":null}},"13":{"start":{"line":56,"column":6},"end":{"line":56,"column":null}},"14":{"start":{"line":73,"column":6},"end":{"line":73,"column":null}},"15":{"start":{"line":17,"column":4},"end":{"line":20,"column":null}},"16":{"start":{"line":24,"column":4},"end":{"line":27,"column":null}},"17":{"start":{"line":31,"column":4},"end":{"line":34,"column":null}},"18":{"start":{"line":38,"column":4},"end":{"line":41,"column":null}},"19":{"start":{"line":46,"column":4},"end":{"line":49,"column":null}},"20":{"start":{"line":54,"column":4},"end":{"line":57,"column":null}},"21":{"start":{"line":63,"column":4},"end":{"line":66,"column":null}},"22":{"start":{"line":71,"column":4},"end":{"line":74,"column":null}},"23":{"start":{"line":13,"column":13},"end":{"line":75,"column":null}},"24":{"start":{"line":13,"column":13},"end":{"line":13,"column":27}}},"fnMap":{"0":{"name":"(anonymous_4)","decl":{"start":{"line":14,"column":4},"end":{"line":14,"column":33}},"loc":{"start":{"line":14,"column":57},"end":{"line":14,"column":61}}},"1":{"name":"(anonymous_5)","decl":{"start":{"line":17,"column":4},"end":{"line":17,"column":9}},"loc":{"start":{"line":18,"column":52},"end":{"line":20,"column":5}}},"2":{"name":"(anonymous_6)","decl":{"start":{"line":24,"column":4},"end":{"line":24,"column":9}},"loc":{"start":{"line":25,"column":20},"end":{"line":27,"column":5}}},"3":{"name":"(anonymous_7)","decl":{"start":{"line":31,"column":4},"end":{"line":31,"column":9}},"loc":{"start":{"line":32,"column":20},"end":{"line":34,"column":5}}},"4":{"name":"(anonymous_8)","decl":{"start":{"line":38,"column":4},"end":{"line":38,"column":23}},"loc":{"start":{"line":39,"column":20},"end":{"line":41,"column":5}}},"5":{"name":"(anonymous_9)","decl":{"start":{"line":46,"column":4},"end":{"line":46,"column":9}},"loc":{"start":{"line":47,"column":20},"end":{"line":49,"column":5}}},"6":{"name":"(anonymous_10)","decl":{"start":{"line":54,"column":4},"end":{"line":54,"column":9}},"loc":{"start":{"line":55,"column":20},"end":{"line":57,"column":5}}},"7":{"name":"(anonymous_11)","decl":{"start":{"line":63,"column":4},"end":{"line":63,"column":9}},"loc":{"start":{"line":64,"column":20},"end":{"line":66,"column":5}}},"8":{"name":"(anonymous_12)","decl":{"start":{"line":71,"column":4},"end":{"line":71,"column":9}},"loc":{"start":{"line":72,"column":20},"end":{"line":74,"column":5}}}},"branchMap":{},"s":{"0":3,"1":3,"2":3,"3":3,"4":3,"5":3,"6":3,"7":3,"8":3,"9":36,"10":5,"11":4,"12":0,"13":0,"14":0,"15":3,"16":3,"17":3,"18":3,"19":3,"20":3,"21":3,"22":3,"23":3,"24":3},"f":{"0":36,"1":5,"2":4,"3":0,"4":0,"5":0,"6":0,"7":0,"8":0},"b":{}}
,"C:\\_Projects_SSD\\TruthOrDare\\TruthOrDare-Backend\\src\\auth\\auth.module.ts": {"path":"C:\\_Projects_SSD\\TruthOrDare\\TruthOrDare-Backend\\src\\auth\\auth.module.ts","statementMap":{"0":{"start":{"line":1,"column":0},"end":{"line":1,"column":40}},"1":{"start":{"line":2,"column":0},"end":{"line":2,"column":51}},"2":{"start":{"line":3,"column":0},"end":{"line":3,"column":45}},"3":{"start":{"line":4,"column":0},"end":{"line":4,"column":49}},"4":{"start":{"line":5,"column":0},"end":{"line":5,"column":50}},"5":{"start":{"line":6,"column":0},"end":{"line":6,"column":66}},"6":{"start":{"line":7,"column":0},"end":{"line":7,"column":40}},"7":{"start":{"line":8,"column":0},"end":{"line":8,"column":61}},"8":{"start":{"line":9,"column":0},"end":{"line":9,"column":60}},"9":{"start":{"line":10,"column":0},"end":{"line":10,"column":69}},"10":{"start":{"line":11,"column":0},"end":{"line":11,"column":75}},"11":{"start":{"line":12,"column":0},"end":{"line":12,"column":72}},"12":{"start":{"line":28,"column":0},"end":{"line":28,"column":null}},"13":{"start":{"line":28,"column":13},"end":{"line":28,"column":null}},"14":{"start":{"line":19,"column":51},"end":{"line":24,"column":6}},"15":{"start":{"line":28,"column":13},"end":{"line":28,"column":23}}},"fnMap":{"0":{"name":"(anonymous_1)","decl":{"start":{"line":19,"column":16},"end":{"line":19,"column":17}},"loc":{"start":{"line":19,"column":51},"end":{"line":24,"column":6}}}},"branchMap":{},"s":{"0":3,"1":3,"2":3,"3":3,"4":3,"5":3,"6":3,"7":3,"8":3,"9":3,"10":3,"11":3,"12":3,"13":3,"14":36,"15":3},"f":{"0":36},"b":{}}
,"C:\\_Projects_SSD\\TruthOrDare\\TruthOrDare-Backend\\src\\auth\\auth.service.ts": {"path":"C:\\_Projects_SSD\\TruthOrDare\\TruthOrDare-Backend\\src\\auth\\auth.service.ts","statementMap":{"0":{"start":{"line":1,"column":0},"end":{"line":1,"column":138}},"1":{"start":{"line":2,"column":0},"end":{"line":2,"column":41}},"2":{"start":{"line":4,"column":0},"end":{"line":4,"column":50}},"3":{"start":{"line":6,"column":0},"end":{"line":6,"column":32}},"4":{"start":{"line":11,"column":0},"end":{"line":90,"column":null}},"5":{"start":{"line":13,"column":25},"end":{"line":13,"column":38}},"6":{"start":{"line":14,"column":25},"end":{"line":14,"column":37}},"7":{"start":{"line":24,"column":27},"end":{"line":24,"column":69}},"8":{"start":{"line":26,"column":8},"end":{"line":27,"column":null}},"9":{"start":{"line":27,"column":12},"end":{"line":27,"column":null}},"10":{"start":{"line":29,"column":8},"end":{"line":29,"column":null}},"11":{"start":{"line":39,"column":21},"end":{"line":39,"column":65}},"12":{"start":{"line":40,"column":8},"end":{"line":41,"column":null}},"13":{"start":{"line":41,"column":12},"end":{"line":41,"column":null}},"14":{"start":{"line":43,"column":8},"end":{"line":44,"column":null}},"15":{"start":{"line":44,"column":12},"end":{"line":44,"column":null}},"16":{"start":{"line":46,"column":8},"end":{"line":49,"column":null}},"17":{"start":{"line":47,"column":44},"end":{"line":47,"column":48}},"18":{"start":{"line":47,"column":39},"end":{"line":47,"column":44}},"19":{"start":{"line":48,"column":12},"end":{"line":48,"column":null}},"20":{"start":{"line":50,"column":8},"end":{"line":50,"column":null}},"21":{"start":{"line":54,"column":8},"end":{"line":55,"column":null}},"22":{"start":{"line":55,"column":12},"end":{"line":55,"column":null}},"23":{"start":{"line":58,"column":35},"end":{"line":58,"column":100}},"24":{"start":{"line":61,"column":8},"end":{"line":62,"column":null}},"25":{"start":{"line":62,"column":12},"end":{"line":62,"column":null}},"26":{"start":{"line":64,"column":8},"end":{"line":65,"column":null}},"27":{"start":{"line":65,"column":12},"end":{"line":65,"column":null}},"28":{"start":{"line":68,"column":30},"end":{"line":68,"column":97}},"29":{"start":{"line":71,"column":8},"end":{"line":71,"column":null}},"30":{"start":{"line":80,"column":24},"end":{"line":84,"column":null}},"31":{"start":{"line":86,"column":8},"end":{"line":88,"column":null}},"32":{"start":{"line":11,"column":13},"end":{"line":90,"column":null}},"33":{"start":{"line":11,"column":13},"end":{"line":11,"column":24}}},"fnMap":{"0":{"name":"(anonymous_3)","decl":{"start":{"line":12,"column":4},"end":{"line":12,"column":null}},"loc":{"start":{"line":14,"column":47},"end":{"line":15,"column":9}}},"1":{"name":"(anonymous_4)","decl":{"start":{"line":22,"column":4},"end":{"line":22,"column":9}},"loc":{"start":{"line":22,"column":47},"end":{"line":30,"column":5}}},"2":{"name":"(anonymous_5)","decl":{"start":{"line":38,"column":4},"end":{"line":38,"column":9}},"loc":{"start":{"line":38,"column":71},"end":{"line":51,"column":5}}},"3":{"name":"(anonymous_6)","decl":{"start":{"line":53,"column":4},"end":{"line":53,"column":9}},"loc":{"start":{"line":53,"column":72},"end":{"line":72,"column":5}}},"4":{"name":"(anonymous_7)","decl":{"start":{"line":79,"column":4},"end":{"line":79,"column":9}},"loc":{"start":{"line":79,"column":39},"end":{"line":89,"column":5}}}},"branchMap":{"0":{"loc":{"start":{"line":26,"column":8},"end":{"line":27,"column":null}},"type":"if","locations":[{"start":{"line":26,"column":8},"end":{"line":27,"column":null}},{"start":{"line":26,"column":8},"end":{"line":27,"column":null}}]},"1":{"loc":{"start":{"line":40,"column":8},"end":{"line":41,"column":null}},"type":"if","locations":[{"start":{"line":40,"column":8},"end":{"line":41,"column":null}},{"start":{"line":40,"column":8},"end":{"line":41,"column":null}}]},"2":{"loc":{"start":{"line":43,"column":8},"end":{"line":44,"column":null}},"type":"if","locations":[{"start":{"line":43,"column":8},"end":{"line":44,"column":null}},{"start":{"line":43,"column":8},"end":{"line":44,"column":null}}]},"3":{"loc":{"start":{"line":46,"column":8},"end":{"line":49,"column":null}},"type":"if","locations":[{"start":{"line":46,"column":8},"end":{"line":49,"column":null}},{"start":{"line":46,"column":8},"end":{"line":49,"column":null}}]},"4":{"loc":{"start":{"line":54,"column":8},"end":{"line":55,"column":null}},"type":"if","locations":[{"start":{"line":54,"column":8},"end":{"line":55,"column":null}},{"start":{"line":54,"column":8},"end":{"line":55,"column":null}}]},"5":{"loc":{"start":{"line":61,"column":8},"end":{"line":62,"column":null}},"type":"if","locations":[{"start":{"line":61,"column":8},"end":{"line":62,"column":null}},{"start":{"line":61,"column":8},"end":{"line":62,"column":null}}]},"6":{"loc":{"start":{"line":61,"column":12},"end":{"line":61,"column":30}},"type":"binary-expr","locations":[{"start":{"line":61,"column":12},"end":{"line":61,"column":30}},{"start":{"line":61,"column":34},"end":{"line":61,"column":95}}]},"7":{"loc":{"start":{"line":62,"column":112},"end":{"line":62,"column":139}},"type":"cond-expr","locations":[{"start":{"line":62,"column":112},"end":{"line":62,"column":139}},{"start":{"line":62,"column":142},"end":{"line":62,"column":167}}]},"8":{"loc":{"start":{"line":64,"column":8},"end":{"line":65,"column":null}},"type":"if","locations":[{"start":{"line":64,"column":8},"end":{"line":65,"column":null}},{"start":{"line":64,"column":8},"end":{"line":65,"column":null}}]}},"s":{"0":3,"1":3,"2":3,"3":3,"4":3,"5":36,"6":36,"7":5,"8":4,"9":0,"10":4,"11":5,"12":5,"13":0,"14":5,"15":0,"16":5,"17":4,"18":4,"19":4,"20":1,"21":0,"22":0,"23":0,"24":0,"25":0,"26":0,"27":0,"28":0,"29":0,"30":8,"31":8,"32":3,"33":3},"f":{"0":36,"1":5,"2":5,"3":0,"4":8},"b":{"0":[0,4],"1":[0,5],"2":[0,5],"3":[4,1],"4":[0,0],"5":[0,0],"6":[0,0],"7":[0,0],"8":[0,0]}}
,"C:\\_Projects_SSD\\TruthOrDare\\TruthOrDare-Backend\\src\\auth\\dto\\register.dto.ts": {"path":"C:\\_Projects_SSD\\TruthOrDare\\TruthOrDare-Backend\\src\\auth\\dto\\register.dto.ts","statementMap":{"0":{"start":{"line":1,"column":0},"end":{"line":1,"column":59}},"1":{"start":{"line":6,"column":4},"end":{"line":6,"column":null}},"2":{"start":{"line":9,"column":4},"end":{"line":9,"column":null}},"3":{"start":{"line":13,"column":4},"end":{"line":13,"column":null}},"4":{"start":{"line":3,"column":0},"end":{"line":3,"column":13}}},"fnMap":{},"branchMap":{},"s":{"0":3,"1":3,"2":3,"3":3,"4":3},"f":{},"b":{}}
,"C:\\_Projects_SSD\\TruthOrDare\\TruthOrDare-Backend\\src\\auth\\roles\\roles.decorator.ts": {"path":"C:\\_Projects_SSD\\TruthOrDare\\TruthOrDare-Backend\\src\\auth\\roles\\roles.decorator.ts","statementMap":{"0":{"start":{"line":1,"column":0},"end":{"line":1,"column":45}},"1":{"start":{"line":4,"column":21},"end":{"line":4,"column":67}},"2":{"start":{"line":4,"column":42},"end":{"line":4,"column":67}},"3":{"start":{"line":4,"column":13},"end":{"line":4,"column":21}}},"fnMap":{"0":{"name":"(anonymous_0)","decl":{"start":{"line":4,"column":21},"end":{"line":4,"column":22}},"loc":{"start":{"line":4,"column":42},"end":{"line":4,"column":67}}}},"branchMap":{},"s":{"0":3,"1":3,"2":12,"3":3},"f":{"0":12},"b":{}}
,"C:\\_Projects_SSD\\TruthOrDare\\TruthOrDare-Backend\\src\\auth\\roles\\roles.guard.ts": {"path":"C:\\_Projects_SSD\\TruthOrDare\\TruthOrDare-Backend\\src\\auth\\roles\\roles.guard.ts","statementMap":{"0":{"start":{"line":1,"column":0},"end":{"line":1,"column":75}},"1":{"start":{"line":2,"column":0},"end":{"line":2,"column":41}},"2":{"start":{"line":6,"column":0},"end":{"line":18,"column":null}},"3":{"start":{"line":7,"column":24},"end":{"line":7,"column":35}},"4":{"start":{"line":10,"column":29},"end":{"line":10,"column":123}},"5":{"start":{"line":12,"column":8},"end":{"line":13,"column":null}},"6":{"start":{"line":13,"column":12},"end":{"line":13,"column":null}},"7":{"start":{"line":15,"column":25},"end":{"line":15,"column":60}},"8":{"start":{"line":16,"column":8},"end":{"line":16,"column":null}},"9":{"start":{"line":16,"column":41},"end":{"line":16,"column":67}},"10":{"start":{"line":6,"column":13},"end":{"line":18,"column":null}},"11":{"start":{"line":6,"column":13},"end":{"line":6,"column":23}}},"fnMap":{"0":{"name":"(anonymous_2)","decl":{"start":{"line":7,"column":4},"end":{"line":7,"column":24}},"loc":{"start":{"line":7,"column":44},"end":{"line":7,"column":48}}},"1":{"name":"(anonymous_3)","decl":{"start":{"line":9,"column":4},"end":{"line":9,"column":15}},"loc":{"start":{"line":9,"column":41},"end":{"line":17,"column":5}}},"2":{"name":"(anonymous_4)","decl":{"start":{"line":16,"column":33},"end":{"line":16,"column":37}},"loc":{"start":{"line":16,"column":40},"end":{"line":16,"column":67}}}},"branchMap":{"0":{"loc":{"start":{"line":12,"column":8},"end":{"line":13,"column":null}},"type":"if","locations":[{"start":{"line":12,"column":8},"end":{"line":13,"column":null}},{"start":{"line":12,"column":8},"end":{"line":13,"column":null}}]},"1":{"loc":{"start":{"line":16,"column":50},"end":{"line":16,"column":52}},"type":"cond-expr","locations":[{"start":{"line":16,"column":50},"end":{"line":16,"column":52}},{"start":{"line":16,"column":50},"end":{"line":16,"column":66}}]},"2":{"loc":{"start":{"line":16,"column":41},"end":{"line":16,"column":52}},"type":"binary-expr","locations":[{"start":{"line":16,"column":41},"end":{"line":16,"column":52}},{"start":{"line":16,"column":50},"end":{"line":16,"column":52}}]}},"s":{"0":3,"1":3,"2":3,"3":72,"4":6,"5":6,"6":0,"7":6,"8":6,"9":6,"10":3,"11":3},"f":{"0":72,"1":6,"2":6},"b":{"0":[0,6],"1":[0,6],"2":[6,6]}}
,"C:\\_Projects_SSD\\TruthOrDare\\TruthOrDare-Backend\\src\\auth\\strategies\\discord\\discord-auth.guard.ts": {"path":"C:\\_Projects_SSD\\TruthOrDare\\TruthOrDare-Backend\\src\\auth\\strategies\\discord\\discord-auth.guard.ts","statementMap":{"0":{"start":{"line":1,"column":0},"end":{"line":1,"column":45}},"1":{"start":{"line":3,"column":0},"end":{"line":3,"column":13}}},"fnMap":{},"branchMap":{},"s":{"0":3,"1":3},"f":{},"b":{}}
,"C:\\_Projects_SSD\\TruthOrDare\\TruthOrDare-Backend\\src\\auth\\strategies\\discord\\discord.strategy.ts": {"path":"C:\\_Projects_SSD\\TruthOrDare\\TruthOrDare-Backend\\src\\auth\\strategies\\discord\\discord.strategy.ts","statementMap":{"0":{"start":{"line":1,"column":0},"end":{"line":1,"column":44}},"1":{"start":{"line":2,"column":0},"end":{"line":2,"column":52}},"2":{"start":{"line":4,"column":0},"end":{"line":4,"column":43}},"3":{"start":{"line":6,"column":0},"end":{"line":6,"column":57}},"4":{"start":{"line":9,"column":0},"end":{"line":33,"column":null}},"5":{"start":{"line":11,"column":8},"end":{"line":16,"column":null}},"6":{"start":{"line":10,"column":33},"end":{"line":10,"column":46}},"7":{"start":{"line":24,"column":12},"end":{"line":24,"column":19}},"8":{"start":{"line":26,"column":59},"end":{"line":30,"column":null}},"9":{"start":{"line":31,"column":8},"end":{"line":31,"column":null}},"10":{"start":{"line":9,"column":13},"end":{"line":33,"column":null}},"11":{"start":{"line":9,"column":13},"end":{"line":9,"column":28}}},"fnMap":{"0":{"name":"(anonymous_2)","decl":{"start":{"line":10,"column":4},"end":{"line":10,"column":33}},"loc":{"start":{"line":10,"column":57},"end":{"line":17,"column":5}}},"1":{"name":"(anonymous_3)","decl":{"start":{"line":19,"column":4},"end":{"line":19,"column":9}},"loc":{"start":{"line":19,"column":131},"end":{"line":32,"column":5}}}},"branchMap":{},"s":{"0":3,"1":3,"2":3,"3":3,"4":3,"5":36,"6":36,"7":0,"8":0,"9":0,"10":3,"11":3},"f":{"0":36,"1":0},"b":{}}
,"C:\\_Projects_SSD\\TruthOrDare\\TruthOrDare-Backend\\src\\auth\\strategies\\facebook\\facebook-auth.guard.ts": {"path":"C:\\_Projects_SSD\\TruthOrDare\\TruthOrDare-Backend\\src\\auth\\strategies\\facebook\\facebook-auth.guard.ts","statementMap":{"0":{"start":{"line":1,"column":0},"end":{"line":1,"column":45}},"1":{"start":{"line":3,"column":0},"end":{"line":3,"column":13}}},"fnMap":{},"branchMap":{},"s":{"0":3,"1":3},"f":{},"b":{}}
,"C:\\_Projects_SSD\\TruthOrDare\\TruthOrDare-Backend\\src\\auth\\strategies\\facebook\\facebook.strategy.ts": {"path":"C:\\_Projects_SSD\\TruthOrDare\\TruthOrDare-Backend\\src\\auth\\strategies\\facebook\\facebook.strategy.ts","statementMap":{"0":{"start":{"line":1,"column":0},"end":{"line":1,"column":44}},"1":{"start":{"line":2,"column":0},"end":{"line":2,"column":52}},"2":{"start":{"line":4,"column":0},"end":{"line":4,"column":45}},"3":{"start":{"line":6,"column":0},"end":{"line":6,"column":57}},"4":{"start":{"line":9,"column":0},"end":{"line":28,"column":null}},"5":{"start":{"line":11,"column":8},"end":{"line":17,"column":null}},"6":{"start":{"line":10,"column":33},"end":{"line":10,"column":46}},"7":{"start":{"line":21,"column":59},"end":{"line":25,"column":null}},"8":{"start":{"line":26,"column":8},"end":{"line":26,"column":null}},"9":{"start":{"line":9,"column":13},"end":{"line":28,"column":null}},"10":{"start":{"line":9,"column":13},"end":{"line":9,"column":29}}},"fnMap":{"0":{"name":"(anonymous_2)","decl":{"start":{"line":10,"column":4},"end":{"line":10,"column":33}},"loc":{"start":{"line":10,"column":57},"end":{"line":18,"column":5}}},"1":{"name":"(anonymous_3)","decl":{"start":{"line":20,"column":4},"end":{"line":20,"column":9}},"loc":{"start":{"line":20,"column":127},"end":{"line":27,"column":5}}}},"branchMap":{},"s":{"0":3,"1":3,"2":3,"3":3,"4":3,"5":36,"6":36,"7":0,"8":0,"9":3,"10":3},"f":{"0":36,"1":0},"b":{}}
,"C:\\_Projects_SSD\\TruthOrDare\\TruthOrDare-Backend\\src\\auth\\strategies\\google\\google-auth.guard.ts": {"path":"C:\\_Projects_SSD\\TruthOrDare\\TruthOrDare-Backend\\src\\auth\\strategies\\google\\google-auth.guard.ts","statementMap":{"0":{"start":{"line":1,"column":0},"end":{"line":1,"column":45}},"1":{"start":{"line":3,"column":0},"end":{"line":3,"column":13}}},"fnMap":{},"branchMap":{},"s":{"0":3,"1":3},"f":{},"b":{}}
,"C:\\_Projects_SSD\\TruthOrDare\\TruthOrDare-Backend\\src\\auth\\strategies\\google\\google.strategy.ts": {"path":"C:\\_Projects_SSD\\TruthOrDare\\TruthOrDare-Backend\\src\\auth\\strategies\\google\\google.strategy.ts","statementMap":{"0":{"start":{"line":1,"column":0},"end":{"line":1,"column":43}},"1":{"start":{"line":2,"column":0},"end":{"line":2,"column":51}},"2":{"start":{"line":3,"column":0},"end":{"line":3,"column":66}},"3":{"start":{"line":5,"column":0},"end":{"line":5,"column":56}},"4":{"start":{"line":6,"column":0},"end":{"line":6,"column":48}},"5":{"start":{"line":9,"column":0},"end":{"line":38,"column":null}},"6":{"start":{"line":14,"column":8},"end":{"line":19,"column":null}},"7":{"start":{"line":11,"column":25},"end":{"line":11,"column":38}},"8":{"start":{"line":12,"column":25},"end":{"line":12,"column":38}},"9":{"start":{"line":30,"column":59},"end":{"line":34,"column":null}},"10":{"start":{"line":36,"column":8},"end":{"line":36,"column":null}},"11":{"start":{"line":9,"column":13},"end":{"line":38,"column":null}},"12":{"start":{"line":9,"column":13},"end":{"line":9,"column":27}}},"fnMap":{"0":{"name":"(anonymous_2)","decl":{"start":{"line":10,"column":4},"end":{"line":10,"column":null}},"loc":{"start":{"line":12,"column":49},"end":{"line":20,"column":5}}},"1":{"name":"(anonymous_3)","decl":{"start":{"line":29,"column":4},"end":{"line":29,"column":9}},"loc":{"start":{"line":29,"column":97},"end":{"line":37,"column":5}}}},"branchMap":{},"s":{"0":3,"1":3,"2":3,"3":3,"4":3,"5":3,"6":36,"7":36,"8":36,"9":0,"10":0,"11":3,"12":3},"f":{"0":36,"1":0},"b":{}}
,"C:\\_Projects_SSD\\TruthOrDare\\TruthOrDare-Backend\\src\\auth\\strategies\\jwt\\jwt-auth.guard.ts": {"path":"C:\\_Projects_SSD\\TruthOrDare\\TruthOrDare-Backend\\src\\auth\\strategies\\jwt\\jwt-auth.guard.ts","statementMap":{"0":{"start":{"line":1,"column":0},"end":{"line":1,"column":45}},"1":{"start":{"line":3,"column":0},"end":{"line":3,"column":13}}},"fnMap":{},"branchMap":{},"s":{"0":3,"1":3},"f":{},"b":{}}
,"C:\\_Projects_SSD\\TruthOrDare\\TruthOrDare-Backend\\src\\auth\\strategies\\jwt\\jwt.strategy.ts": {"path":"C:\\_Projects_SSD\\TruthOrDare\\TruthOrDare-Backend\\src\\auth\\strategies\\jwt\\jwt.strategy.ts","statementMap":{"0":{"start":{"line":1,"column":0},"end":{"line":1,"column":52}},"1":{"start":{"line":2,"column":0},"end":{"line":2,"column":52}},"2":{"start":{"line":7,"column":8},"end":{"line":11,"column":null}},"3":{"start":{"line":21,"column":8},"end":{"line":25,"column":null}},"4":{"start":{"line":5,"column":0},"end":{"line":5,"column":13}}},"fnMap":{"0":{"name":"(anonymous_0)","decl":{"start":{"line":6,"column":4},"end":{"line":6,"column":null}},"loc":{"start":{"line":6,"column":4},"end":{"line":12,"column":5}}},"1":{"name":"(anonymous_1)","decl":{"start":{"line":19,"column":4},"end":{"line":19,"column":9}},"loc":{"start":{"line":19,"column":41},"end":{"line":26,"column":5}}}},"branchMap":{},"s":{"0":3,"1":3,"2":36,"3":19,"4":3},"f":{"0":36,"1":19},"b":{}}
,"C:\\_Projects_SSD\\TruthOrDare\\TruthOrDare-Backend\\src\\auth\\strategies\\local\\local-auth.guard.ts": {"path":"C:\\_Projects_SSD\\TruthOrDare\\TruthOrDare-Backend\\src\\auth\\strategies\\local\\local-auth.guard.ts","statementMap":{"0":{"start":{"line":1,"column":0},"end":{"line":1,"column":45}},"1":{"start":{"line":3,"column":0},"end":{"line":3,"column":13}}},"fnMap":{},"branchMap":{},"s":{"0":3,"1":3},"f":{},"b":{}}
,"C:\\_Projects_SSD\\TruthOrDare\\TruthOrDare-Backend\\src\\auth\\strategies\\local\\local.strategy.ts": {"path":"C:\\_Projects_SSD\\TruthOrDare\\TruthOrDare-Backend\\src\\auth\\strategies\\local\\local.strategy.ts","statementMap":{"0":{"start":{"line":1,"column":0},"end":{"line":1,"column":67}},"1":{"start":{"line":2,"column":0},"end":{"line":2,"column":52}},"2":{"start":{"line":3,"column":0},"end":{"line":3,"column":42}},"3":{"start":{"line":4,"column":0},"end":{"line":4,"column":49}},"4":{"start":{"line":8,"column":0},"end":{"line":28,"column":null}},"5":{"start":{"line":10,"column":8},"end":{"line":13,"column":null}},"6":{"start":{"line":9,"column":24},"end":{"line":9,"column":37}},"7":{"start":{"line":23,"column":21},"end":{"line":23,"column":90}},"8":{"start":{"line":24,"column":8},"end":{"line":25,"column":null}},"9":{"start":{"line":25,"column":12},"end":{"line":25,"column":null}},"10":{"start":{"line":26,"column":8},"end":{"line":26,"column":null}},"11":{"start":{"line":8,"column":13},"end":{"line":28,"column":null}},"12":{"start":{"line":8,"column":13},"end":{"line":8,"column":26}}},"fnMap":{"0":{"name":"(anonymous_2)","decl":{"start":{"line":9,"column":4},"end":{"line":9,"column":24}},"loc":{"start":{"line":9,"column":48},"end":{"line":14,"column":5}}},"1":{"name":"(anonymous_3)","decl":{"start":{"line":22,"column":4},"end":{"line":22,"column":9}},"loc":{"start":{"line":22,"column":50},"end":{"line":27,"column":5}}}},"branchMap":{"0":{"loc":{"start":{"line":24,"column":8},"end":{"line":25,"column":null}},"type":"if","locations":[{"start":{"line":24,"column":8},"end":{"line":25,"column":null}},{"start":{"line":24,"column":8},"end":{"line":25,"column":null}}]}},"s":{"0":3,"1":3,"2":3,"3":3,"4":3,"5":36,"6":36,"7":5,"8":5,"9":1,"10":4,"11":3,"12":3},"f":{"0":36,"1":5},"b":{"0":[1,4]}}
,"C:\\_Projects_SSD\\TruthOrDare\\TruthOrDare-Backend\\src\\mail\\mail.controller.ts": {"path":"C:\\_Projects_SSD\\TruthOrDare\\TruthOrDare-Backend\\src\\mail\\mail.controller.ts","statementMap":{"0":{"start":{"line":1,"column":0},"end":{"line":1,"column":69}},"1":{"start":{"line":2,"column":0},"end":{"line":2,"column":45}},"2":{"start":{"line":5,"column":0},"end":{"line":15,"column":null}},"3":{"start":{"line":6,"column":31},"end":{"line":6,"column":44}},"4":{"start":{"line":12,"column":4},"end":{"line":12,"column":82}},"5":{"start":{"line":11,"column":2},"end":{"line":13,"column":null}},"6":{"start":{"line":5,"column":13},"end":{"line":15,"column":null}},"7":{"start":{"line":5,"column":13},"end":{"line":5,"column":27}}},"fnMap":{"0":{"name":"(anonymous_4)","decl":{"start":{"line":6,"column":2},"end":{"line":6,"column":31}},"loc":{"start":{"line":6,"column":55},"end":{"line":6,"column":59}}},"1":{"name":"(anonymous_5)","decl":{"start":{"line":11,"column":2},"end":{"line":11,"column":7}},"loc":{"start":{"line":11,"column":53},"end":{"line":13,"column":3}}}},"branchMap":{},"s":{"0":3,"1":3,"2":3,"3":36,"4":0,"5":3,"6":3,"7":3},"f":{"0":36,"1":0},"b":{}}
,"C:\\_Projects_SSD\\TruthOrDare\\TruthOrDare-Backend\\src\\mail\\mail.module.ts": {"path":"C:\\_Projects_SSD\\TruthOrDare\\TruthOrDare-Backend\\src\\mail\\mail.module.ts","statementMap":{"0":{"start":{"line":1,"column":0},"end":{"line":1,"column":40}},"1":{"start":{"line":2,"column":0},"end":{"line":2,"column":45}},"2":{"start":{"line":3,"column":0},"end":{"line":3,"column":51}},"3":{"start":{"line":4,"column":0},"end":{"line":4,"column":61}},"4":{"start":{"line":14,"column":0},"end":{"line":14,"column":null}},"5":{"start":{"line":14,"column":13},"end":{"line":14,"column":null}},"6":{"start":{"line":14,"column":13},"end":{"line":14,"column":23}}},"fnMap":{},"branchMap":{},"s":{"0":3,"1":3,"2":3,"3":3,"4":3,"5":3,"6":3},"f":{},"b":{}}
,"C:\\_Projects_SSD\\TruthOrDare\\TruthOrDare-Backend\\src\\mail\\mail.service.ts": {"path":"C:\\_Projects_SSD\\TruthOrDare\\TruthOrDare-Backend\\src\\mail\\mail.service.ts","statementMap":{"0":{"start":{"line":1,"column":0},"end":{"line":1,"column":74}},"1":{"start":{"line":2,"column":0},"end":{"line":2,"column":27}},"2":{"start":{"line":3,"column":0},"end":{"line":3,"column":43}},"3":{"start":{"line":4,"column":0},"end":{"line":4,"column":33}},"4":{"start":{"line":5,"column":0},"end":{"line":5,"column":28}},"5":{"start":{"line":6,"column":0},"end":{"line":6,"column":47}},"6":{"start":{"line":7,"column":0},"end":{"line":7,"column":41}},"7":{"start":{"line":9,"column":17},"end":{"line":9,"column":37}},"8":{"start":{"line":14,"column":0},"end":{"line":92,"column":null}},"9":{"start":{"line":18,"column":30},"end":{"line":18,"column":45}},"10":{"start":{"line":19,"column":2},"end":{"line":28,"column":null}},"11":{"start":{"line":38,"column":2},"end":{"line":47,"column":null}},"12":{"start":{"line":39,"column":3},"end":{"line":44,"column":null}},"13":{"start":{"line":46,"column":3},"end":{"line":46,"column":null}},"14":{"start":{"line":56,"column":15},"end":{"line":56,"column":73}},"15":{"start":{"line":57,"column":18},"end":{"line":59,"column":4}},"16":{"start":{"line":60,"column":2},"end":{"line":60,"column":null}},"17":{"start":{"line":70,"column":19},"end":{"line":70,"column":90}},"18":{"start":{"line":71,"column":18},"end":{"line":74,"column":4}},"19":{"start":{"line":75,"column":2},"end":{"line":75,"column":null}},"20":{"start":{"line":85,"column":15},"end":{"line":85,"column":82}},"21":{"start":{"line":86,"column":18},"end":{"line":89,"column":4}},"22":{"start":{"line":90,"column":2},"end":{"line":90,"column":null}},"23":{"start":{"line":14,"column":13},"end":{"line":92,"column":null}},"24":{"start":{"line":14,"column":13},"end":{"line":14,"column":24}}},"fnMap":{"0":{"name":"(anonymous_2)","decl":{"start":{"line":18,"column":1},"end":{"line":18,"column":30}},"loc":{"start":{"line":18,"column":58},"end":{"line":29,"column":2}}},"1":{"name":"(anonymous_3)","decl":{"start":{"line":37,"column":9},"end":{"line":37,"column":14}},"loc":{"start":{"line":37,"column":75},"end":{"line":48,"column":2}}},"2":{"name":"(anonymous_4)","decl":{"start":{"line":55,"column":1},"end":{"line":55,"column":6}},"loc":{"start":{"line":55,"column":47},"end":{"line":61,"column":2}}},"3":{"name":"(anonymous_5)","decl":{"start":{"line":69,"column":1},"end":{"line":69,"column":6}},"loc":{"start":{"line":69,"column":66},"end":{"line":76,"column":2}}},"4":{"name":"(anonymous_6)","decl":{"start":{"line":84,"column":1},"end":{"line":84,"column":6}},"loc":{"start":{"line":84,"column":70},"end":{"line":91,"column":2}}}},"branchMap":{},"s":{"0":3,"1":3,"2":3,"3":3,"4":3,"5":3,"6":3,"7":3,"8":3,"9":72,"10":72,"11":4,"12":4,"13":0,"14":0,"15":0,"16":0,"17":4,"18":4,"19":4,"20":0,"21":0,"22":0,"23":3,"24":3},"f":{"0":72,"1":4,"2":0,"3":4,"4":0},"b":{}}
,"C:\\_Projects_SSD\\TruthOrDare\\TruthOrDare-Backend\\src\\report\\report.controller.ts": {"path":"C:\\_Projects_SSD\\TruthOrDare\\TruthOrDare-Backend\\src\\report\\report.controller.ts","statementMap":{"0":{"start":{"line":1,"column":0},"end":{"line":1,"column":128}},"1":{"start":{"line":2,"column":0},"end":{"line":2,"column":53}},"2":{"start":{"line":3,"column":0},"end":{"line":3,"column":54}},"3":{"start":{"line":4,"column":0},"end":{"line":4,"column":46}},"4":{"start":{"line":5,"column":0},"end":{"line":5,"column":68}},"5":{"start":{"line":6,"column":0},"end":{"line":6,"column":57}},"6":{"start":{"line":7,"column":0},"end":{"line":7,"column":48}},"7":{"start":{"line":8,"column":0},"end":{"line":8,"column":71}},"8":{"start":{"line":9,"column":0},"end":{"line":9,"column":48}},"9":{"start":{"line":10,"column":0},"end":{"line":10,"column":60}},"10":{"start":{"line":11,"column":0},"end":{"line":11,"column":54}},"11":{"start":{"line":15,"column":0},"end":{"line":60,"column":null}},"12":{"start":{"line":16,"column":31},"end":{"line":16,"column":46}},"13":{"start":{"line":25,"column":4},"end":{"line":25,"column":64}},"14":{"start":{"line":35,"column":4},"end":{"line":35,"column":81}},"15":{"start":{"line":45,"column":4},"end":{"line":45,"column":46}},"16":{"start":{"line":58,"column":4},"end":{"line":58,"column":57}},"17":{"start":{"line":22,"column":2},"end":{"line":26,"column":null}},"18":{"start":{"line":33,"column":2},"end":{"line":36,"column":null}},"19":{"start":{"line":43,"column":2},"end":{"line":46,"column":null}},"20":{"start":{"line":54,"column":2},"end":{"line":59,"column":null}},"21":{"start":{"line":15,"column":13},"end":{"line":60,"column":null}},"22":{"start":{"line":15,"column":13},"end":{"line":15,"column":29}}},"fnMap":{"0":{"name":"(anonymous_4)","decl":{"start":{"line":16,"column":2},"end":{"line":16,"column":31}},"loc":{"start":{"line":16,"column":59},"end":{"line":16,"column":63}}},"1":{"name":"(anonymous_5)","decl":{"start":{"line":22,"column":2},"end":{"line":22,"column":8}},"loc":{"start":{"line":24,"column":18},"end":{"line":26,"column":3}}},"2":{"name":"(anonymous_6)","decl":{"start":{"line":33,"column":2},"end":{"line":33,"column":9}},"loc":{"start":{"line":34,"column":80},"end":{"line":36,"column":3}}},"3":{"name":"(anonymous_7)","decl":{"start":{"line":43,"column":2},"end":{"line":43,"column":13}},"loc":{"start":{"line":44,"column":45},"end":{"line":46,"column":3}}},"4":{"name":"(anonymous_8)","decl":{"start":{"line":54,"column":2},"end":{"line":54,"column":8}},"loc":{"start":{"line":57,"column":18},"end":{"line":59,"column":3}}}},"branchMap":{},"s":{"0":3,"1":3,"2":3,"3":3,"4":3,"5":3,"6":3,"7":3,"8":3,"9":3,"10":3,"11":3,"12":36,"13":1,"14":1,"15":1,"16":2,"17":3,"18":3,"19":3,"20":3,"21":3,"22":3},"f":{"0":36,"1":1,"2":1,"3":1,"4":2},"b":{}}
,"C:\\_Projects_SSD\\TruthOrDare\\TruthOrDare-Backend\\src\\report\\report.module.ts": {"path":"C:\\_Projects_SSD\\TruthOrDare\\TruthOrDare-Backend\\src\\report\\report.module.ts","statementMap":{"0":{"start":{"line":1,"column":0},"end":{"line":1,"column":39}},"1":{"start":{"line":2,"column":0},"end":{"line":2,"column":48}},"2":{"start":{"line":3,"column":0},"end":{"line":3,"column":54}},"3":{"start":{"line":4,"column":0},"end":{"line":4,"column":49}},"4":{"start":{"line":5,"column":0},"end":{"line":5,"column":55}},"5":{"start":{"line":6,"column":0},"end":{"line":6,"column":54}},"6":{"start":{"line":13,"column":0},"end":{"line":13,"column":null}},"7":{"start":{"line":13,"column":13},"end":{"line":13,"column":null}},"8":{"start":{"line":13,"column":13},"end":{"line":13,"column":25}}},"fnMap":{},"branchMap":{},"s":{"0":3,"1":3,"2":3,"3":3,"4":3,"5":3,"6":3,"7":3,"8":3},"f":{},"b":{}}
,"C:\\_Projects_SSD\\TruthOrDare\\TruthOrDare-Backend\\src\\report\\report.service.ts": {"path":"C:\\_Projects_SSD\\TruthOrDare\\TruthOrDare-Backend\\src\\report\\report.service.ts","statementMap":{"0":{"start":{"line":1,"column":0},"end":{"line":1,"column":93}},"1":{"start":{"line":2,"column":0},"end":{"line":2,"column":47}},"2":{"start":{"line":3,"column":0},"end":{"line":3,"column":42}},"3":{"start":{"line":6,"column":0},"end":{"line":6,"column":57}},"4":{"start":{"line":10,"column":0},"end":{"line":10,"column":51}},"5":{"start":{"line":13,"column":0},"end":{"line":90,"column":null}},"6":{"start":{"line":14,"column":47},"end":{"line":14,"column":61}},"7":{"start":{"line":15,"column":21},"end":{"line":15,"column":36}},"8":{"start":{"line":23,"column":8},"end":{"line":33,"column":null}},"9":{"start":{"line":24,"column":27},"end":{"line":26,"column":null}},"10":{"start":{"line":28,"column":27},"end":{"line":28,"column":46}},"11":{"start":{"line":30,"column":12},"end":{"line":30,"column":null}},"12":{"start":{"line":32,"column":12},"end":{"line":32,"column":null}},"13":{"start":{"line":41,"column":30},"end":{"line":41,"column":78}},"14":{"start":{"line":42,"column":34},"end":{"line":42,"column":96}},"15":{"start":{"line":44,"column":8},"end":{"line":44,"column":null}},"16":{"start":{"line":53,"column":21},"end":{"line":53,"column":57}},"17":{"start":{"line":55,"column":8},"end":{"line":56,"column":null}},"18":{"start":{"line":56,"column":12},"end":{"line":56,"column":null}},"19":{"start":{"line":58,"column":8},"end":{"line":58,"column":22}},"20":{"start":{"line":68,"column":29},"end":{"line":68,"column":65}},"21":{"start":{"line":71,"column":8},"end":{"line":78,"column":null}},"22":{"start":{"line":73,"column":27},"end":{"line":73,"column":72}},"23":{"start":{"line":74,"column":12},"end":{"line":75,"column":null}},"24":{"start":{"line":75,"column":16},"end":{"line":75,"column":null}},"25":{"start":{"line":77,"column":12},"end":{"line":77,"column":18}},"26":{"start":{"line":81,"column":23},"end":{"line":86,"column":10}},"27":{"start":{"line":87,"column":8},"end":{"line":88,"column":null}},"28":{"start":{"line":88,"column":12},"end":{"line":88,"column":null}},"29":{"start":{"line":13,"column":13},"end":{"line":90,"column":null}},"30":{"start":{"line":13,"column":13},"end":{"line":13,"column":26}}},"fnMap":{"0":{"name":"(anonymous_4)","decl":{"start":{"line":14,"column":4},"end":{"line":14,"column":17}},"loc":{"start":{"line":15,"column":49},"end":{"line":15,"column":54}}},"1":{"name":"(anonymous_5)","decl":{"start":{"line":22,"column":4},"end":{"line":22,"column":9}},"loc":{"start":{"line":22,"column":60},"end":{"line":34,"column":5}}},"2":{"name":"(anonymous_6)","decl":{"start":{"line":40,"column":4},"end":{"line":40,"column":9}},"loc":{"start":{"line":40,"column":45},"end":{"line":45,"column":5}}},"3":{"name":"(anonymous_7)","decl":{"start":{"line":52,"column":4},"end":{"line":52,"column":9}},"loc":{"start":{"line":52,"column":34},"end":{"line":59,"column":5}}},"4":{"name":"(anonymous_8)","decl":{"start":{"line":66,"column":4},"end":{"line":66,"column":9}},"loc":{"start":{"line":66,"column":65},"end":{"line":89,"column":5}}}},"branchMap":{"0":{"loc":{"start":{"line":55,"column":8},"end":{"line":56,"column":null}},"type":"if","locations":[{"start":{"line":55,"column":8},"end":{"line":56,"column":null}},{"start":{"line":55,"column":8},"end":{"line":56,"column":null}}]},"1":{"loc":{"start":{"line":68,"column":36},"end":{"line":68,"column":57}},"type":"cond-expr","locations":[{"start":{"line":68,"column":36},"end":{"line":68,"column":57}},{"start":{"line":68,"column":60},"end":{"line":68,"column":65}}]},"2":{"loc":{"start":{"line":71,"column":8},"end":{"line":78,"column":null}},"type":"if","locations":[{"start":{"line":71,"column":8},"end":{"line":78,"column":null}},{"start":{"line":71,"column":8},"end":{"line":78,"column":null}}]},"3":{"loc":{"start":{"line":71,"column":12},"end":{"line":71,"column":16}},"type":"binary-expr","locations":[{"start":{"line":71,"column":12},"end":{"line":71,"column":16}},{"start":{"line":71,"column":20},"end":{"line":71,"column":32}}]},"4":{"loc":{"start":{"line":74,"column":12},"end":{"line":75,"column":null}},"type":"if","locations":[{"start":{"line":74,"column":12},"end":{"line":75,"column":null}},{"start":{"line":74,"column":12},"end":{"line":75,"column":null}}]},"5":{"loc":{"start":{"line":87,"column":8},"end":{"line":88,"column":null}},"type":"if","locations":[{"start":{"line":87,"column":8},"end":{"line":88,"column":null}},{"start":{"line":87,"column":8},"end":{"line":88,"column":null}}]}},"s":{"0":3,"1":3,"2":3,"3":3,"4":3,"5":3,"6":36,"7":36,"8":1,"9":1,"10":1,"11":1,"12":0,"13":1,"14":1,"15":1,"16":1,"17":1,"18":0,"19":1,"20":2,"21":2,"22":1,"23":1,"24":0,"25":1,"26":1,"27":1,"28":0,"29":3,"30":3},"f":{"0":36,"1":1,"2":1,"3":1,"4":2},"b":{"0":[0,1],"1":[2,0],"2":[1,1],"3":[2,2],"4":[0,1],"5":[0,1]}}
,"C:\\_Projects_SSD\\TruthOrDare\\TruthOrDare-Backend\\src\\report\\dto\\create-report.dto.ts": {"path":"C:\\_Projects_SSD\\TruthOrDare\\TruthOrDare-Backend\\src\\report\\dto\\create-report.dto.ts","statementMap":{"0":{"start":{"line":1,"column":0},"end":{"line":1,"column":63}},"1":{"start":{"line":3,"column":0},"end":{"line":3,"column":56}},"2":{"start":{"line":4,"column":0},"end":{"line":4,"column":45}},"3":{"start":{"line":8,"column":4},"end":{"line":8,"column":null}},"4":{"start":{"line":11,"column":4},"end":{"line":11,"column":null}},"5":{"start":{"line":15,"column":4},"end":{"line":15,"column":null}},"6":{"start":{"line":6,"column":0},"end":{"line":6,"column":13}}},"fnMap":{},"branchMap":{},"s":{"0":3,"1":3,"2":3,"3":3,"4":3,"5":3,"6":3},"f":{},"b":{}}
,"C:\\_Projects_SSD\\TruthOrDare\\TruthOrDare-Backend\\src\\report\\entities\\report.entity.ts": {"path":"C:\\_Projects_SSD\\TruthOrDare\\TruthOrDare-Backend\\src\\report\\entities\\report.entity.ts","statementMap":{"0":{"start":{"line":1,"column":0},"end":{"line":1,"column":61}},"1":{"start":{"line":2,"column":0},"end":{"line":2,"column":58}},"2":{"start":{"line":3,"column":0},"end":{"line":3,"column":56}},"3":{"start":{"line":4,"column":0},"end":{"line":4,"column":45}},"4":{"start":{"line":5,"column":0},"end":{"line":5,"column":51}},"5":{"start":{"line":8,"column":0},"end":{"line":36,"column":null}},"6":{"start":{"line":11,"column":4},"end":{"line":11,"column":null}},"7":{"start":{"line":23,"column":4},"end":{"line":23,"column":null}},"8":{"start":{"line":15,"column":8},"end":{"line":22,"column":10}},"9":{"start":{"line":17,"column":16},"end":{"line":17,"column":null}},"10":{"start":{"line":19,"column":16},"end":{"line":19,"column":null}},"11":{"start":{"line":21,"column":16},"end":{"line":21,"column":null}},"12":{"start":{"line":26,"column":4},"end":{"line":26,"column":null}},"13":{"start":{"line":29,"column":4},"end":{"line":29,"column":null}},"14":{"start":{"line":32,"column":4},"end":{"line":32,"column":null}},"15":{"start":{"line":35,"column":4},"end":{"line":35,"column":null}},"16":{"start":{"line":8,"column":13},"end":{"line":36,"column":null}},"17":{"start":{"line":8,"column":13},"end":{"line":8,"column":19}},"18":{"start":{"line":39,"column":13},"end":{"line":39,"column":null}}},"fnMap":{"0":{"name":"(anonymous_2)","decl":{"start":{"line":13,"column":61},"end":{"line":13,"column":64}},"loc":{"start":{"line":13,"column":66},"end":{"line":22,"column":10}}}},"branchMap":{"0":{"loc":{"start":{"line":16,"column":12},"end":{"line":17,"column":null}},"type":"switch","locations":[{"start":{"line":16,"column":12},"end":{"line":17,"column":null}},{"start":{"line":18,"column":12},"end":{"line":19,"column":null}},{"start":{"line":20,"column":12},"end":{"line":21,"column":null}}]}},"s":{"0":3,"1":3,"2":3,"3":3,"4":3,"5":3,"6":3,"7":3,"8":3,"9":0,"10":0,"11":0,"12":3,"13":3,"14":3,"15":3,"16":3,"17":3,"18":3},"f":{"0":3},"b":{"0":[0,0,0]}}
,"C:\\_Projects_SSD\\TruthOrDare\\TruthOrDare-Backend\\src\\report\\enums\\content-type.enum.ts": {"path":"C:\\_Projects_SSD\\TruthOrDare\\TruthOrDare-Backend\\src\\report\\enums\\content-type.enum.ts","statementMap":{"0":{"start":{"line":1,"column":0},"end":{"line":1,"column":null}},"1":{"start":{"line":2,"column":4},"end":{"line":2,"column":null}},"2":{"start":{"line":3,"column":4},"end":{"line":3,"column":null}},"3":{"start":{"line":4,"column":4},"end":{"line":4,"column":null}}},"fnMap":{"0":{"name":"(anonymous_0)","decl":{"start":{"line":1,"column":0},"end":{"line":1,"column":12}},"loc":{"start":{"line":1,"column":23},"end":{"line":5,"column":1}}}},"branchMap":{"0":{"loc":{"start":{"line":1,"column":12},"end":{"line":1,"column":23}},"type":"binary-expr","locations":[{"start":{"line":1,"column":12},"end":{"line":1,"column":23}},{"start":{"line":1,"column":12},"end":{"line":1,"column":null}}]}},"s":{"0":3,"1":3,"2":3,"3":3},"f":{"0":3},"b":{"0":[3,3]}}
,"C:\\_Projects_SSD\\TruthOrDare\\TruthOrDare-Backend\\src\\report\\enums\\delete-type.ts": {"path":"C:\\_Projects_SSD\\TruthOrDare\\TruthOrDare-Backend\\src\\report\\enums\\delete-type.ts","statementMap":{"0":{"start":{"line":1,"column":0},"end":{"line":1,"column":null}},"1":{"start":{"line":2,"column":4},"end":{"line":2,"column":null}},"2":{"start":{"line":3,"column":4},"end":{"line":3,"column":null}}},"fnMap":{"0":{"name":"(anonymous_0)","decl":{"start":{"line":1,"column":0},"end":{"line":1,"column":12}},"loc":{"start":{"line":1,"column":22},"end":{"line":4,"column":1}}}},"branchMap":{"0":{"loc":{"start":{"line":1,"column":12},"end":{"line":1,"column":22}},"type":"binary-expr","locations":[{"start":{"line":1,"column":12},"end":{"line":1,"column":22}},{"start":{"line":1,"column":12},"end":{"line":1,"column":null}}]}},"s":{"0":3,"1":3,"2":3},"f":{"0":3},"b":{"0":[3,3]}}
,"C:\\_Projects_SSD\\TruthOrDare\\TruthOrDare-Backend\\src\\report\\enums\\reason.enum.ts": {"path":"C:\\_Projects_SSD\\TruthOrDare\\TruthOrDare-Backend\\src\\report\\enums\\reason.enum.ts","statementMap":{"0":{"start":{"line":1,"column":0},"end":{"line":1,"column":null}},"1":{"start":{"line":2,"column":4},"end":{"line":2,"column":null}},"2":{"start":{"line":3,"column":4},"end":{"line":3,"column":null}},"3":{"start":{"line":4,"column":4},"end":{"line":4,"column":null}},"4":{"start":{"line":5,"column":4},"end":{"line":5,"column":null}},"5":{"start":{"line":6,"column":4},"end":{"line":6,"column":null}},"6":{"start":{"line":7,"column":4},"end":{"line":7,"column":null}}},"fnMap":{"0":{"name":"(anonymous_0)","decl":{"start":{"line":1,"column":0},"end":{"line":1,"column":12}},"loc":{"start":{"line":1,"column":18},"end":{"line":8,"column":1}}}},"branchMap":{"0":{"loc":{"start":{"line":1,"column":12},"end":{"line":1,"column":18}},"type":"binary-expr","locations":[{"start":{"line":1,"column":12},"end":{"line":1,"column":18}},{"start":{"line":1,"column":12},"end":{"line":1,"column":null}}]}},"s":{"0":3,"1":3,"2":3,"3":3,"4":3,"5":3,"6":3},"f":{"0":3},"b":{"0":[3,3]}}
,"C:\\_Projects_SSD\\TruthOrDare\\TruthOrDare-Backend\\src\\report\\enums\\status.enum.ts": {"path":"C:\\_Projects_SSD\\TruthOrDare\\TruthOrDare-Backend\\src\\report\\enums\\status.enum.ts","statementMap":{"0":{"start":{"line":1,"column":0},"end":{"line":1,"column":null}},"1":{"start":{"line":2,"column":4},"end":{"line":2,"column":null}},"2":{"start":{"line":3,"column":4},"end":{"line":3,"column":null}}},"fnMap":{"0":{"name":"(anonymous_0)","decl":{"start":{"line":1,"column":0},"end":{"line":1,"column":12}},"loc":{"start":{"line":1,"column":24},"end":{"line":4,"column":1}}}},"branchMap":{"0":{"loc":{"start":{"line":1,"column":12},"end":{"line":1,"column":24}},"type":"binary-expr","locations":[{"start":{"line":1,"column":12},"end":{"line":1,"column":24}},{"start":{"line":1,"column":12},"end":{"line":1,"column":null}}]}},"s":{"0":3,"1":3,"2":3},"f":{"0":3},"b":{"0":[3,3]}}
,"C:\\_Projects_SSD\\TruthOrDare\\TruthOrDare-Backend\\src\\search\\search.controller.ts": {"path":"C:\\_Projects_SSD\\TruthOrDare\\TruthOrDare-Backend\\src\\search\\search.controller.ts","statementMap":{"0":{"start":{"line":1,"column":0},"end":{"line":1,"column":101}},"1":{"start":{"line":2,"column":0},"end":{"line":2,"column":56}},"2":{"start":{"line":3,"column":0},"end":{"line":3,"column":61}},"3":{"start":{"line":4,"column":0},"end":{"line":4,"column":49}},"4":{"start":{"line":8,"column":0},"end":{"line":27,"column":null}},"5":{"start":{"line":9,"column":31},"end":{"line":9,"column":46}},"6":{"start":{"line":16,"column":4},"end":{"line":16,"column":null}},"7":{"start":{"line":25,"column":4},"end":{"line":25,"column":null}},"8":{"start":{"line":13,"column":2},"end":{"line":17,"column":null}},"9":{"start":{"line":21,"column":2},"end":{"line":26,"column":null}},"10":{"start":{"line":8,"column":13},"end":{"line":27,"column":null}},"11":{"start":{"line":8,"column":13},"end":{"line":8,"column":29}}},"fnMap":{"0":{"name":"(anonymous_4)","decl":{"start":{"line":9,"column":2},"end":{"line":9,"column":31}},"loc":{"start":{"line":9,"column":59},"end":{"line":9,"column":64}}},"1":{"name":"(anonymous_5)","decl":{"start":{"line":13,"column":2},"end":{"line":13,"column":8}},"loc":{"start":{"line":15,"column":80},"end":{"line":17,"column":3}}},"2":{"name":"(anonymous_6)","decl":{"start":{"line":21,"column":2},"end":{"line":21,"column":12}},"loc":{"start":{"line":24,"column":80},"end":{"line":26,"column":3}}}},"branchMap":{},"s":{"0":3,"1":3,"2":3,"3":3,"4":3,"5":36,"6":0,"7":0,"8":3,"9":3,"10":3,"11":3},"f":{"0":36,"1":0,"2":0},"b":{}}
,"C:\\_Projects_SSD\\TruthOrDare\\TruthOrDare-Backend\\src\\search\\search.module.ts": {"path":"C:\\_Projects_SSD\\TruthOrDare\\TruthOrDare-Backend\\src\\search\\search.module.ts","statementMap":{"0":{"start":{"line":1,"column":0},"end":{"line":1,"column":40}},"1":{"start":{"line":2,"column":0},"end":{"line":2,"column":49}},"2":{"start":{"line":3,"column":0},"end":{"line":3,"column":55}},"3":{"start":{"line":4,"column":0},"end":{"line":4,"column":50}},"4":{"start":{"line":6,"column":0},"end":{"line":6,"column":55}},"5":{"start":{"line":7,"column":0},"end":{"line":7,"column":58}},"6":{"start":{"line":8,"column":0},"end":{"line":8,"column":49}},"7":{"start":{"line":16,"column":0},"end":{"line":16,"column":null}},"8":{"start":{"line":16,"column":13},"end":{"line":16,"column":null}},"9":{"start":{"line":16,"column":13},"end":{"line":16,"column":25}}},"fnMap":{},"branchMap":{},"s":{"0":3,"1":3,"2":3,"3":3,"4":3,"5":3,"6":3,"7":3,"8":3,"9":3},"f":{},"b":{}}
,"C:\\_Projects_SSD\\TruthOrDare\\TruthOrDare-Backend\\src\\search\\search.service.ts": {"path":"C:\\_Projects_SSD\\TruthOrDare\\TruthOrDare-Backend\\src\\search\\search.service.ts","statementMap":{"0":{"start":{"line":1,"column":0},"end":{"line":1,"column":44}},"1":{"start":{"line":2,"column":0},"end":{"line":2,"column":47}},"2":{"start":{"line":3,"column":0},"end":{"line":3,"column":33}},"3":{"start":{"line":9,"column":0},"end":{"line":112,"column":null}},"4":{"start":{"line":10,"column":44},"end":{"line":10,"column":55}},"5":{"start":{"line":11,"column":37},"end":{"line":11,"column":49}},"6":{"start":{"line":14,"column":8},"end":{"line":14,"column":null}},"7":{"start":{"line":14,"column":39},"end":{"line":14,"column":65}},"8":{"start":{"line":14,"column":65},"end":{"line":14,"column":102}},"9":{"start":{"line":15,"column":27},"end":{"line":15,"column":64}},"10":{"start":{"line":18,"column":21},"end":{"line":18,"column":33}},"11":{"start":{"line":19,"column":8},"end":{"line":19,"column":null}},"12":{"start":{"line":22,"column":24},"end":{"line":22,"column":26}},"13":{"start":{"line":23,"column":25},"end":{"line":23,"column":27}},"14":{"start":{"line":24,"column":25},"end":{"line":24,"column":27}},"15":{"start":{"line":46,"column":8},"end":{"line":72,"column":null}},"16":{"start":{"line":48,"column":12},"end":{"line":48,"column":28}},"17":{"start":{"line":50,"column":12},"end":{"line":50,"column":null}},"18":{"start":{"line":52,"column":12},"end":{"line":54,"column":null}},"19":{"start":{"line":53,"column":16},"end":{"line":53,"column":null}},"20":{"start":{"line":56,"column":34},"end":{"line":56,"column":36}},"21":{"start":{"line":57,"column":12},"end":{"line":57,"column":null}},"22":{"start":{"line":58,"column":12},"end":{"line":60,"column":null}},"23":{"start":{"line":59,"column":16},"end":{"line":59,"column":null}},"24":{"start":{"line":61,"column":12},"end":{"line":61,"column":null}},"25":{"start":{"line":64,"column":12},"end":{"line":71,"column":null}},"26":{"start":{"line":65,"column":16},"end":{"line":70,"column":null}},"27":{"start":{"line":74,"column":8},"end":{"line":92,"column":null}},"28":{"start":{"line":75,"column":12},"end":{"line":75,"column":28}},"29":{"start":{"line":77,"column":12},"end":{"line":77,"column":null}},"30":{"start":{"line":79,"column":12},"end":{"line":81,"column":null}},"31":{"start":{"line":80,"column":16},"end":{"line":80,"column":null}},"32":{"start":{"line":82,"column":12},"end":{"line":82,"column":null}},"33":{"start":{"line":84,"column":12},"end":{"line":91,"column":null}},"34":{"start":{"line":85,"column":16},"end":{"line":90,"column":null}},"35":{"start":{"line":95,"column":8},"end":{"line":110,"column":null}},"36":{"start":{"line":96,"column":12},"end":{"line":109,"column":null}},"37":{"start":{"line":9,"column":13},"end":{"line":112,"column":null}},"38":{"start":{"line":9,"column":13},"end":{"line":9,"column":26}}},"fnMap":{"0":{"name":"(anonymous_4)","decl":{"start":{"line":10,"column":4},"end":{"line":10,"column":17}},"loc":{"start":{"line":11,"column":68},"end":{"line":11,"column":73}}},"1":{"name":"(anonymous_5)","decl":{"start":{"line":13,"column":4},"end":{"line":13,"column":9}},"loc":{"start":{"line":13,"column":80},"end":{"line":111,"column":5}}},"2":{"name":"(anonymous_6)","decl":{"start":{"line":52,"column":31},"end":{"line":52,"column":37}},"loc":{"start":{"line":52,"column":40},"end":{"line":54,"column":13}}},"3":{"name":"(anonymous_7)","decl":{"start":{"line":58,"column":31},"end":{"line":58,"column":37}},"loc":{"start":{"line":58,"column":40},"end":{"line":60,"column":13}}},"4":{"name":"(anonymous_8)","decl":{"start":{"line":79,"column":31},"end":{"line":79,"column":37}},"loc":{"start":{"line":79,"column":40},"end":{"line":81,"column":13}}}},"branchMap":{"0":{"loc":{"start":{"line":13,"column":75},"end":{"line":13,"column":80}},"type":"default-arg","locations":[{"start":{"line":13,"column":75},"end":{"line":13,"column":80}}]},"1":{"loc":{"start":{"line":14,"column":8},"end":{"line":14,"column":null}},"type":"if","locations":[{"start":{"line":14,"column":8},"end":{"line":14,"column":null}},{"start":{"line":14,"column":8},"end":{"line":14,"column":null}}]},"2":{"loc":{"start":{"line":46,"column":8},"end":{"line":72,"column":null}},"type":"if","locations":[{"start":{"line":46,"column":8},"end":{"line":72,"column":null}},{"start":{"line":46,"column":8},"end":{"line":72,"column":null}}]},"3":{"loc":{"start":{"line":46,"column":12},"end":{"line":46,"column":25}},"type":"binary-expr","locations":[{"start":{"line":46,"column":12},"end":{"line":46,"column":25}},{"start":{"line":46,"column":29},"end":{"line":46,"column":42}}]},"4":{"loc":{"start":{"line":64,"column":12},"end":{"line":71,"column":null}},"type":"if","locations":[{"start":{"line":64,"column":12},"end":{"line":71,"column":null}},{"start":{"line":64,"column":12},"end":{"line":71,"column":null}}]},"5":{"loc":{"start":{"line":74,"column":8},"end":{"line":92,"column":null}},"type":"if","locations":[{"start":{"line":74,"column":8},"end":{"line":92,"column":null}},{"start":{"line":74,"column":8},"end":{"line":92,"column":null}}]},"6":{"loc":{"start":{"line":74,"column":12},"end":{"line":74,"column":25}},"type":"binary-expr","locations":[{"start":{"line":74,"column":12},"end":{"line":74,"column":25}},{"start":{"line":74,"column":29},"end":{"line":74,"column":43}}]},"7":{"loc":{"start":{"line":84,"column":12},"end":{"line":91,"column":null}},"type":"if","locations":[{"start":{"line":84,"column":12},"end":{"line":91,"column":null}},{"start":{"line":84,"column":12},"end":{"line":91,"column":null}}]},"8":{"loc":{"start":{"line":95,"column":8},"end":{"line":110,"column":null}},"type":"if","locations":[{"start":{"line":95,"column":8},"end":{"line":110,"column":null}},{"start":{"line":95,"column":8},"end":{"line":110,"column":null}}]}},"s":{"0":3,"1":3,"2":3,"3":3,"4":36,"5":36,"6":0,"7":0,"8":0,"9":0,"10":0,"11":0,"12":0,"13":0,"14":0,"15":0,"16":0,"17":0,"18":0,"19":0,"20":0,"21":0,"22":0,"23":0,"24":0,"25":0,"26":0,"27":0,"28":0,"29":0,"30":0,"31":0,"32":0,"33":0,"34":0,"35":0,"36":0,"37":3,"38":3},"f":{"0":36,"1":0,"2":0,"3":0,"4":0},"b":{"0":[0],"1":[0,0],"2":[0,0],"3":[0,0],"4":[0,0],"5":[0,0],"6":[0,0],"7":[0,0],"8":[0,0]}}
,"C:\\_Projects_SSD\\TruthOrDare\\TruthOrDare-Backend\\src\\set\\set.controller.ts": {"path":"C:\\_Projects_SSD\\TruthOrDare\\TruthOrDare-Backend\\src\\set\\set.controller.ts","statementMap":{"0":{"start":{"line":1,"column":0},"end":{"line":1,"column":166}},"1":{"start":{"line":2,"column":0},"end":{"line":2,"column":56}},"2":{"start":{"line":5,"column":0},"end":{"line":5,"column":69}},"3":{"start":{"line":6,"column":0},"end":{"line":6,"column":55}},"4":{"start":{"line":7,"column":0},"end":{"line":7,"column":52}},"5":{"start":{"line":8,"column":0},"end":{"line":8,"column":54}},"6":{"start":{"line":9,"column":0},"end":{"line":9,"column":52}},"7":{"start":{"line":10,"column":0},"end":{"line":10,"column":54}},"8":{"start":{"line":11,"column":0},"end":{"line":11,"column":43}},"9":{"start":{"line":15,"column":0},"end":{"line":127,"column":null}},"10":{"start":{"line":16,"column":31},"end":{"line":16,"column":43}},"11":{"start":{"line":23,"column":4},"end":{"line":23,"column":61}},"12":{"start":{"line":29,"column":4},"end":{"line":29,"column":40}},"13":{"start":{"line":37,"column":4},"end":{"line":37,"column":null}},"14":{"start":{"line":38,"column":4},"end":{"line":38,"column":10}},"15":{"start":{"line":45,"column":4},"end":{"line":45,"column":41}},"16":{"start":{"line":54,"column":6},"end":{"line":54,"column":null}},"17":{"start":{"line":55,"column":4},"end":{"line":55,"column":10}},"18":{"start":{"line":62,"column":6},"end":{"line":62,"column":null}},"19":{"start":{"line":63,"column":4},"end":{"line":63,"column":10}},"20":{"start":{"line":73,"column":4},"end":{"line":73,"column":69}},"21":{"start":{"line":85,"column":4},"end":{"line":85,"column":null}},"22":{"start":{"line":95,"column":4},"end":{"line":95,"column":63}},"23":{"start":{"line":106,"column":4},"end":{"line":106,"column":74}},"24":{"start":{"line":117,"column":4},"end":{"line":117,"column":62}},"25":{"start":{"line":125,"column":4},"end":{"line":125,"column":55}},"26":{"start":{"line":21,"column":2},"end":{"line":24,"column":null}},"27":{"start":{"line":28,"column":2},"end":{"line":30,"column":null}},"28":{"start":{"line":35,"column":2},"end":{"line":39,"column":null}},"29":{"start":{"line":43,"column":2},"end":{"line":46,"column":null}},"30":{"start":{"line":51,"column":2},"end":{"line":56,"column":null}},"31":{"start":{"line":60,"column":2},"end":{"line":64,"column":null}},"32":{"start":{"line":69,"column":2},"end":{"line":74,"column":null}},"33":{"start":{"line":81,"column":2},"end":{"line":86,"column":null}},"34":{"start":{"line":91,"column":2},"end":{"line":96,"column":null}},"35":{"start":{"line":101,"column":2},"end":{"line":107,"column":null}},"36":{"start":{"line":112,"column":2},"end":{"line":118,"column":null}},"37":{"start":{"line":124,"column":2},"end":{"line":126,"column":null}},"38":{"start":{"line":15,"column":13},"end":{"line":127,"column":null}},"39":{"start":{"line":15,"column":13},"end":{"line":15,"column":26}}},"fnMap":{"0":{"name":"(anonymous_4)","decl":{"start":{"line":16,"column":2},"end":{"line":16,"column":31}},"loc":{"start":{"line":16,"column":53},"end":{"line":16,"column":58}}},"1":{"name":"(anonymous_5)","decl":{"start":{"line":21,"column":2},"end":{"line":21,"column":11}},"loc":{"start":{"line":22,"column":93},"end":{"line":24,"column":3}}},"2":{"name":"(anonymous_6)","decl":{"start":{"line":28,"column":2},"end":{"line":28,"column":12}},"loc":{"start":{"line":28,"column":12},"end":{"line":30,"column":3}}},"3":{"name":"(anonymous_7)","decl":{"start":{"line":35,"column":2},"end":{"line":35,"column":16}},"loc":{"start":{"line":36,"column":66},"end":{"line":39,"column":3}}},"4":{"name":"(anonymous_8)","decl":{"start":{"line":43,"column":2},"end":{"line":43,"column":11}},"loc":{"start":{"line":44,"column":70},"end":{"line":46,"column":3}}},"5":{"name":"(anonymous_9)","decl":{"start":{"line":51,"column":2},"end":{"line":51,"column":15}},"loc":{"start":{"line":53,"column":66},"end":{"line":56,"column":3}}},"6":{"name":"(anonymous_10)","decl":{"start":{"line":60,"column":2},"end":{"line":60,"column":15}},"loc":{"start":{"line":61,"column":70},"end":{"line":64,"column":3}}},"7":{"name":"(anonymous_11)","decl":{"start":{"line":69,"column":2},"end":{"line":69,"column":12}},"loc":{"start":{"line":72,"column":66},"end":{"line":74,"column":3}}},"8":{"name":"(anonymous_12)","decl":{"start":{"line":81,"column":2},"end":{"line":81,"column":11}},"loc":{"start":{"line":84,"column":66},"end":{"line":86,"column":3}}},"9":{"name":"(anonymous_13)","decl":{"start":{"line":91,"column":2},"end":{"line":91,"column":12}},"loc":{"start":{"line":94,"column":66},"end":{"line":96,"column":3}}},"10":{"name":"(anonymous_14)","decl":{"start":{"line":101,"column":2},"end":{"line":101,"column":12}},"loc":{"start":{"line":105,"column":66},"end":{"line":107,"column":3}}},"11":{"name":"(anonymous_15)","decl":{"start":{"line":112,"column":2},"end":{"line":112,"column":12}},"loc":{"start":{"line":116,"column":66},"end":{"line":118,"column":3}}},"12":{"name":"(anonymous_16)","decl":{"start":{"line":124,"column":9},"end":{"line":124,"column":26}},"loc":{"start":{"line":124,"column":41},"end":{"line":126,"column":3}}}},"branchMap":{},"s":{"0":3,"1":3,"2":3,"3":3,"4":3,"5":3,"6":3,"7":3,"8":3,"9":3,"10":36,"11":2,"12":0,"13":0,"14":0,"15":0,"16":0,"17":0,"18":0,"19":0,"20":0,"21":6,"22":0,"23":0,"24":0,"25":0,"26":3,"27":3,"28":3,"29":3,"30":3,"31":3,"32":3,"33":3,"34":3,"35":3,"36":3,"37":3,"38":3,"39":3},"f":{"0":36,"1":2,"2":0,"3":0,"4":0,"5":0,"6":0,"7":0,"8":6,"9":0,"10":0,"11":0,"12":0},"b":{}}
,"C:\\_Projects_SSD\\TruthOrDare\\TruthOrDare-Backend\\src\\set\\set.data.ts": {"path":"C:\\_Projects_SSD\\TruthOrDare\\TruthOrDare-Backend\\src\\set\\set.data.ts","statementMap":{"0":{"start":{"line":1,"column":0},"end":{"line":1,"column":56}},"1":{"start":{"line":2,"column":0},"end":{"line":2,"column":49}},"2":{"start":{"line":3,"column":0},"end":{"line":3,"column":71}},"3":{"start":{"line":7,"column":13},"end":{"line":243,"column":null}}},"fnMap":{},"branchMap":{},"s":{"0":3,"1":3,"2":3,"3":3},"f":{},"b":{}}
,"C:\\_Projects_SSD\\TruthOrDare\\TruthOrDare-Backend\\src\\set\\set.module.ts": {"path":"C:\\_Projects_SSD\\TruthOrDare\\TruthOrDare-Backend\\src\\set\\set.module.ts","statementMap":{"0":{"start":{"line":1,"column":0},"end":{"line":1,"column":40}},"1":{"start":{"line":2,"column":0},"end":{"line":2,"column":50}},"2":{"start":{"line":3,"column":0},"end":{"line":3,"column":55}},"3":{"start":{"line":4,"column":0},"end":{"line":4,"column":57}},"4":{"start":{"line":5,"column":0},"end":{"line":5,"column":50}},"5":{"start":{"line":6,"column":0},"end":{"line":6,"column":49}},"6":{"start":{"line":7,"column":0},"end":{"line":7,"column":43}},"7":{"start":{"line":20,"column":0},"end":{"line":20,"column":null}},"8":{"start":{"line":20,"column":13},"end":{"line":20,"column":null}},"9":{"start":{"line":20,"column":13},"end":{"line":20,"column":22}}},"fnMap":{},"branchMap":{},"s":{"0":3,"1":3,"2":3,"3":3,"4":3,"5":3,"6":3,"7":3,"8":3,"9":3},"f":{},"b":{}}
,"C:\\_Projects_SSD\\TruthOrDare\\TruthOrDare-Backend\\src\\set\\set.service.ts": {"path":"C:\\_Projects_SSD\\TruthOrDare\\TruthOrDare-Backend\\src\\set\\set.service.ts","statementMap":{"0":{"start":{"line":1,"column":0},"end":{"line":1,"column":132}},"1":{"start":{"line":2,"column":0},"end":{"line":2,"column":47}},"2":{"start":{"line":3,"column":0},"end":{"line":3,"column":50}},"3":{"start":{"line":5,"column":0},"end":{"line":5,"column":53}},"4":{"start":{"line":6,"column":0},"end":{"line":6,"column":57}},"5":{"start":{"line":7,"column":0},"end":{"line":7,"column":47}},"6":{"start":{"line":14,"column":0},"end":{"line":14,"column":49}},"7":{"start":{"line":15,"column":0},"end":{"line":15,"column":43}},"8":{"start":{"line":19,"column":0},"end":{"line":342,"column":null}},"9":{"start":{"line":21,"column":32},"end":{"line":21,"column":43}},"10":{"start":{"line":22,"column":33},"end":{"line":22,"column":45}},"11":{"start":{"line":23,"column":21},"end":{"line":23,"column":36}},"12":{"start":{"line":28,"column":4},"end":{"line":52,"column":null}},"13":{"start":{"line":30,"column":31},"end":{"line":30,"column":103}},"14":{"start":{"line":32,"column":6},"end":{"line":44,"column":null}},"15":{"start":{"line":47,"column":6},"end":{"line":49,"column":null}},"16":{"start":{"line":48,"column":8},"end":{"line":48,"column":null}},"17":{"start":{"line":50,"column":6},"end":{"line":50,"column":null}},"18":{"start":{"line":51,"column":6},"end":{"line":51,"column":null}},"19":{"start":{"line":57,"column":32},"end":{"line":60,"column":58}},"20":{"start":{"line":62,"column":4},"end":{"line":63,"column":null}},"21":{"start":{"line":63,"column":6},"end":{"line":63,"column":null}},"22":{"start":{"line":65,"column":4},"end":{"line":65,"column":null}},"23":{"start":{"line":71,"column":69},"end":{"line":74,"column":103}},"24":{"start":{"line":76,"column":4},"end":{"line":77,"column":null}},"25":{"start":{"line":77,"column":6},"end":{"line":77,"column":null}},"26":{"start":{"line":80,"column":41},"end":{"line":80,"column":66}},"27":{"start":{"line":82,"column":4},"end":{"line":82,"column":18}},"28":{"start":{"line":87,"column":62},"end":{"line":87,"column":73}},"29":{"start":{"line":89,"column":4},"end":{"line":91,"column":null}},"30":{"start":{"line":90,"column":6},"end":{"line":90,"column":null}},"31":{"start":{"line":93,"column":37},"end":{"line":93,"column":176}},"32":{"start":{"line":95,"column":4},"end":{"line":96,"column":null}},"33":{"start":{"line":96,"column":6},"end":{"line":96,"column":null}},"34":{"start":{"line":98,"column":4},"end":{"line":98,"column":null}},"35":{"start":{"line":105,"column":4},"end":{"line":116,"column":null}},"36":{"start":{"line":106,"column":6},"end":{"line":107,"column":null}},"37":{"start":{"line":107,"column":8},"end":{"line":107,"column":null}},"38":{"start":{"line":109,"column":18},"end":{"line":109,"column":60}},"39":{"start":{"line":111,"column":6},"end":{"line":112,"column":null}},"40":{"start":{"line":112,"column":8},"end":{"line":112,"column":null}},"41":{"start":{"line":114,"column":6},"end":{"line":114,"column":12}},"42":{"start":{"line":119,"column":64},"end":{"line":119,"column":75}},"43":{"start":{"line":121,"column":4},"end":{"line":122,"column":null}},"44":{"start":{"line":122,"column":6},"end":{"line":122,"column":null}},"45":{"start":{"line":124,"column":16},"end":{"line":124,"column":93}},"46":{"start":{"line":126,"column":4},"end":{"line":127,"column":null}},"47":{"start":{"line":127,"column":6},"end":{"line":127,"column":null}},"48":{"start":{"line":129,"column":4},"end":{"line":129,"column":10}},"49":{"start":{"line":139,"column":31},"end":{"line":139,"column":72}},"50":{"start":{"line":140,"column":64},"end":{"line":140,"column":78}},"51":{"start":{"line":142,"column":4},"end":{"line":143,"column":null}},"52":{"start":{"line":143,"column":6},"end":{"line":143,"column":null}},"53":{"start":{"line":145,"column":26},"end":{"line":145,"column":170}},"54":{"start":{"line":147,"column":29},"end":{"line":147,"column":108}},"55":{"start":{"line":149,"column":4},"end":{"line":150,"column":null}},"56":{"start":{"line":150,"column":6},"end":{"line":150,"column":null}},"57":{"start":{"line":152,"column":4},"end":{"line":157,"column":null}},"58":{"start":{"line":164,"column":87},"end":{"line":164,"column":122}},"59":{"start":{"line":165,"column":4},"end":{"line":166,"column":null}},"60":{"start":{"line":166,"column":6},"end":{"line":166,"column":null}},"61":{"start":{"line":168,"column":22},"end":{"line":168,"column":168}},"62":{"start":{"line":170,"column":16},"end":{"line":170,"column":93}},"63":{"start":{"line":172,"column":4},"end":{"line":173,"column":null}},"64":{"start":{"line":173,"column":6},"end":{"line":173,"column":null}},"65":{"start":{"line":175,"column":26},"end":{"line":175,"column":56}},"66":{"start":{"line":177,"column":4},"end":{"line":177,"column":null}},"67":{"start":{"line":183,"column":4},"end":{"line":197,"column":null}},"68":{"start":{"line":184,"column":6},"end":{"line":185,"column":null}},"69":{"start":{"line":185,"column":8},"end":{"line":185,"column":null}},"70":{"start":{"line":187,"column":18},"end":{"line":187,"column":110}},"71":{"start":{"line":189,"column":6},"end":{"line":191,"column":null}},"72":{"start":{"line":190,"column":8},"end":{"line":190,"column":null}},"73":{"start":{"line":193,"column":28},"end":{"line":193,"column":58}},"74":{"start":{"line":195,"column":6},"end":{"line":195,"column":null}},"75":{"start":{"line":200,"column":87},"end":{"line":200,"column":122}},"76":{"start":{"line":201,"column":4},"end":{"line":202,"column":null}},"77":{"start":{"line":202,"column":6},"end":{"line":202,"column":null}},"78":{"start":{"line":204,"column":16},"end":{"line":204,"column":103}},"79":{"start":{"line":206,"column":4},"end":{"line":207,"column":null}},"80":{"start":{"line":207,"column":6},"end":{"line":207,"column":null}},"81":{"start":{"line":209,"column":26},"end":{"line":209,"column":56}},"82":{"start":{"line":211,"column":4},"end":{"line":211,"column":null}},"83":{"start":{"line":223,"column":41},"end":{"line":223,"column":43}},"84":{"start":{"line":226,"column":4},"end":{"line":235,"column":null}},"85":{"start":{"line":227,"column":6},"end":{"line":234,"column":null}},"86":{"start":{"line":228,"column":8},"end":{"line":233,"column":null}},"87":{"start":{"line":237,"column":4},"end":{"line":239,"column":null}},"88":{"start":{"line":247,"column":19},"end":{"line":307,"column":6}},"89":{"start":{"line":309,"column":19},"end":{"line":309,"column":97}},"90":{"start":{"line":310,"column":4},"end":{"line":311,"column":null}},"91":{"start":{"line":311,"column":6},"end":{"line":311,"column":null}},"92":{"start":{"line":313,"column":4},"end":{"line":317,"column":null}},"93":{"start":{"line":323,"column":4},"end":{"line":335,"column":null}},"94":{"start":{"line":324,"column":18},"end":{"line":327,"column":14}},"95":{"start":{"line":328,"column":6},"end":{"line":334,"column":null}},"96":{"start":{"line":329,"column":8},"end":{"line":333,"column":null}},"97":{"start":{"line":337,"column":4},"end":{"line":340,"column":null}},"98":{"start":{"line":19,"column":13},"end":{"line":342,"column":null}},"99":{"start":{"line":19,"column":13},"end":{"line":19,"column":23}}},"fnMap":{"0":{"name":"(anonymous_4)","decl":{"start":{"line":20,"column":2},"end":{"line":20,"column":null}},"loc":{"start":{"line":23,"column":49},"end":{"line":24,"column":7}}},"1":{"name":"(anonymous_5)","decl":{"start":{"line":27,"column":2},"end":{"line":27,"column":7}},"loc":{"start":{"line":27,"column":62},"end":{"line":53,"column":3}}},"2":{"name":"(anonymous_6)","decl":{"start":{"line":55,"column":2},"end":{"line":55,"column":7}},"loc":{"start":{"line":55,"column":18},"end":{"line":67,"column":3}}},"3":{"name":"(anonymous_7)","decl":{"start":{"line":69,"column":2},"end":{"line":69,"column":7}},"loc":{"start":{"line":69,"column":30},"end":{"line":83,"column":3}}},"4":{"name":"(anonymous_8)","decl":{"start":{"line":85,"column":2},"end":{"line":85,"column":7}},"loc":{"start":{"line":85,"column":84},"end":{"line":100,"column":3}}},"5":{"name":"(anonymous_9)","decl":{"start":{"line":102,"column":2},"end":{"line":102,"column":7}},"loc":{"start":{"line":102,"column":68},"end":{"line":131,"column":3}}},"6":{"name":"(anonymous_10)","decl":{"start":{"line":137,"column":2},"end":{"line":137,"column":7}},"loc":{"start":{"line":137,"column":82},"end":{"line":159,"column":3}}},"7":{"name":"(anonymous_11)","decl":{"start":{"line":162,"column":2},"end":{"line":162,"column":7}},"loc":{"start":{"line":162,"column":100},"end":{"line":178,"column":3}}},"8":{"name":"(anonymous_12)","decl":{"start":{"line":180,"column":2},"end":{"line":180,"column":7}},"loc":{"start":{"line":180,"column":90},"end":{"line":213,"column":3}}},"9":{"name":"(anonymous_13)","decl":{"start":{"line":221,"column":10},"end":{"line":221,"column":25}},"loc":{"start":{"line":221,"column":82},"end":{"line":241,"column":3}}},"10":{"name":"(anonymous_14)","decl":{"start":{"line":226,"column":22},"end":{"line":226,"column":23}},"loc":{"start":{"line":226,"column":31},"end":{"line":235,"column":5}}},"11":{"name":"(anonymous_15)","decl":{"start":{"line":244,"column":10},"end":{"line":244,"column":15}},"loc":{"start":{"line":244,"column":44},"end":{"line":318,"column":3}}},"12":{"name":"(anonymous_16)","decl":{"start":{"line":321,"column":9},"end":{"line":321,"column":14}},"loc":{"start":{"line":321,"column":49},"end":{"line":341,"column":3}}},"13":{"name":"(anonymous_17)","decl":{"start":{"line":323,"column":26},"end":{"line":323,"column":31}},"loc":{"start":{"line":323,"column":44},"end":{"line":335,"column":5}}},"14":{"name":"(anonymous_18)","decl":{"start":{"line":328,"column":28},"end":{"line":328,"column":33}},"loc":{"start":{"line":328,"column":43},"end":{"line":334,"column":7}}}},"branchMap":{"0":{"loc":{"start":{"line":47,"column":6},"end":{"line":49,"column":null}},"type":"if","locations":[{"start":{"line":47,"column":6},"end":{"line":49,"column":null}},{"start":{"line":47,"column":6},"end":{"line":49,"column":null}}]},"1":{"loc":{"start":{"line":62,"column":4},"end":{"line":63,"column":null}},"type":"if","locations":[{"start":{"line":62,"column":4},"end":{"line":63,"column":null}},{"start":{"line":62,"column":4},"end":{"line":63,"column":null}}]},"2":{"loc":{"start":{"line":76,"column":4},"end":{"line":77,"column":null}},"type":"if","locations":[{"start":{"line":76,"column":4},"end":{"line":77,"column":null}},{"start":{"line":76,"column":4},"end":{"line":77,"column":null}}]},"3":{"loc":{"start":{"line":89,"column":4},"end":{"line":91,"column":null}},"type":"if","locations":[{"start":{"line":89,"column":4},"end":{"line":91,"column":null}},{"start":{"line":89,"column":4},"end":{"line":91,"column":null}}]},"4":{"loc":{"start":{"line":95,"column":4},"end":{"line":96,"column":null}},"type":"if","locations":[{"start":{"line":95,"column":4},"end":{"line":96,"column":null}},{"start":{"line":95,"column":4},"end":{"line":96,"column":null}}]},"5":{"loc":{"start":{"line":105,"column":4},"end":{"line":116,"column":null}},"type":"if","locations":[{"start":{"line":105,"column":4},"end":{"line":116,"column":null}},{"start":{"line":105,"column":4},"end":{"line":116,"column":null}}]},"6":{"loc":{"start":{"line":106,"column":6},"end":{"line":107,"column":null}},"type":"if","locations":[{"start":{"line":106,"column":6},"end":{"line":107,"column":null}},{"start":{"line":106,"column":6},"end":{"line":107,"column":null}}]},"7":{"loc":{"start":{"line":111,"column":6},"end":{"line":112,"column":null}},"type":"if","locations":[{"start":{"line":111,"column":6},"end":{"line":112,"column":null}},{"start":{"line":111,"column":6},"end":{"line":112,"column":null}}]},"8":{"loc":{"start":{"line":121,"column":4},"end":{"line":122,"column":null}},"type":"if","locations":[{"start":{"line":121,"column":4},"end":{"line":122,"column":null}},{"start":{"line":121,"column":4},"end":{"line":122,"column":null}}]},"9":{"loc":{"start":{"line":126,"column":4},"end":{"line":127,"column":null}},"type":"if","locations":[{"start":{"line":126,"column":4},"end":{"line":127,"column":null}},{"start":{"line":126,"column":4},"end":{"line":127,"column":null}}]},"10":{"loc":{"start":{"line":142,"column":4},"end":{"line":143,"column":null}},"type":"if","locations":[{"start":{"line":142,"column":4},"end":{"line":143,"column":null}},{"start":{"line":142,"column":4},"end":{"line":143,"column":null}}]},"11":{"loc":{"start":{"line":145,"column":65},"end":{"line":145,"column":116}},"type":"cond-expr","locations":[{"start":{"line":145,"column":65},"end":{"line":145,"column":116}},{"start":{"line":145,"column":119},"end":{"line":145,"column":170}}]},"12":{"loc":{"start":{"line":149,"column":4},"end":{"line":150,"column":null}},"type":"if","locations":[{"start":{"line":149,"column":4},"end":{"line":150,"column":null}},{"start":{"line":149,"column":4},"end":{"line":150,"column":null}}]},"13":{"loc":{"start":{"line":165,"column":4},"end":{"line":166,"column":null}},"type":"if","locations":[{"start":{"line":165,"column":4},"end":{"line":166,"column":null}},{"start":{"line":165,"column":4},"end":{"line":166,"column":null}}]},"14":{"loc":{"start":{"line":172,"column":4},"end":{"line":173,"column":null}},"type":"if","locations":[{"start":{"line":172,"column":4},"end":{"line":173,"column":null}},{"start":{"line":172,"column":4},"end":{"line":173,"column":null}}]},"15":{"loc":{"start":{"line":183,"column":4},"end":{"line":197,"column":null}},"type":"if","locations":[{"start":{"line":183,"column":4},"end":{"line":197,"column":null}},{"start":{"line":183,"column":4},"end":{"line":197,"column":null}}]},"16":{"loc":{"start":{"line":184,"column":6},"end":{"line":185,"column":null}},"type":"if","locations":[{"start":{"line":184,"column":6},"end":{"line":185,"column":null}},{"start":{"line":184,"column":6},"end":{"line":185,"column":null}}]},"17":{"loc":{"start":{"line":189,"column":6},"end":{"line":191,"column":null}},"type":"if","locations":[{"start":{"line":189,"column":6},"end":{"line":191,"column":null}},{"start":{"line":189,"column":6},"end":{"line":191,"column":null}}]},"18":{"loc":{"start":{"line":201,"column":4},"end":{"line":202,"column":null}},"type":"if","locations":[{"start":{"line":201,"column":4},"end":{"line":202,"column":null}},{"start":{"line":201,"column":4},"end":{"line":202,"column":null}}]},"19":{"loc":{"start":{"line":206,"column":4},"end":{"line":207,"column":null}},"type":"if","locations":[{"start":{"line":206,"column":4},"end":{"line":207,"column":null}},{"start":{"line":206,"column":4},"end":{"line":207,"column":null}}]},"20":{"loc":{"start":{"line":227,"column":6},"end":{"line":234,"column":null}},"type":"if","locations":[{"start":{"line":227,"column":6},"end":{"line":234,"column":null}},{"start":{"line":227,"column":6},"end":{"line":234,"column":null}}]},"21":{"loc":{"start":{"line":310,"column":4},"end":{"line":311,"column":null}},"type":"if","locations":[{"start":{"line":310,"column":4},"end":{"line":311,"column":null}},{"start":{"line":310,"column":4},"end":{"line":311,"column":null}}]}},"s":{"0":3,"1":3,"2":3,"3":3,"4":3,"5":3,"6":3,"7":3,"8":3,"9":36,"10":36,"11":36,"12":2,"13":2,"14":2,"15":0,"16":0,"17":0,"18":0,"19":0,"20":0,"21":0,"22":0,"23":0,"24":0,"25":0,"26":0,"27":0,"28":0,"29":0,"30":0,"31":0,"32":0,"33":0,"34":0,"35":6,"36":3,"37":1,"38":2,"39":2,"40":0,"41":2,"42":3,"43":3,"44":2,"45":3,"46":3,"47":1,"48":2,"49":0,"50":0,"51":0,"52":0,"53":0,"54":0,"55":0,"56":0,"57":0,"58":0,"59":0,"60":0,"61":0,"62":0,"63":0,"64":0,"65":0,"66":0,"67":0,"68":0,"69":0,"70":0,"71":0,"72":0,"73":0,"74":0,"75":0,"76":0,"77":0,"78":0,"79":0,"80":0,"81":0,"82":0,"83":0,"84":0,"85":0,"86":0,"87":0,"88":0,"89":0,"90":0,"91":0,"92":0,"93":0,"94":0,"95":0,"96":0,"97":0,"98":3,"99":3},"f":
[...]
,"C:\\_Projects_SSD\\TruthOrDare\\TruthOrDare-Backend\\src\\user\\user.service.ts": {"path":"C:\\_Projects_SSD\\TruthOrDare\\TruthOrDare-Backend\\src\\user\\user.service.ts","statementMap":{"0":{"start":{"line":1,"column":0},"end":{"line":1,"column":143}},"1":{"start":{"line":2,"column":0},"end":{"line":2,"column":47}},"2":{"start":{"line":3,"column":0},"end":{"line":3,"column":43}},"3":{"start":{"line":7,"column":0},"end":{"line":7,"column":32}},"4":{"start":{"line":9,"column":0},"end":{"line":9,"column":49}},"5":{"start":{"line":10,"column":0},"end":{"line":10,"column":51}},"6":{"start":{"line":12,"column":0},"end":{"line":12,"column":32}},"7":{"start":{"line":15,"column":0},"end":{"line":279,"column":null}},"8":{"start":{"line":16,"column":43},"end":{"line":16,"column":55}},"9":{"start":{"line":17,"column":35},"end":{"line":17,"column":49}},"10":{"start":{"line":18,"column":34},"end":{"line":18,"column":47}},"11":{"start":{"line":19,"column":21},"end":{"line":19,"column":34}},"12":{"start":{"line":27,"column":4},"end":{"line":46,"column":null}},"13":{"start":{"line":28,"column":19},"end":{"line":28,"column":62}},"14":{"start":{"line":29,"column":19},"end":{"line":32,"column":null}},"15":{"start":{"line":34,"column":21},"end":{"line":34,"column":38}},"16":{"start":{"line":36,"column":6},"end":{"line":36,"column":null}},"17":{"start":{"line":38,"column":6},"end":{"line":38,"column":null}},"18":{"start":{"line":40,"column":6},"end":{"line":43,"column":null}},"19":{"start":{"line":41,"column":8},"end":{"line":41,"column":null}},"20":{"start":{"line":42,"column":11},"end":{"line":43,"column":null}},"21":{"start":{"line":43,"column":8},"end":{"line":43,"column":null}},"22":{"start":{"line":44,"column":6},"end":{"line":44,"column":null}},"23":{"start":{"line":50,"column":15},"end":{"line":50,"column":61}},"24":{"start":{"line":52,"column":4},"end":{"line":54,"column":null}},"25":{"start":{"line":53,"column":6},"end":{"line":53,"column":null}},"26":{"start":{"line":56,"column":4},"end":{"line":56,"column":null}},"27":{"start":{"line":60,"column":23},"end":{"line":60,"column":61}},"28":{"start":{"line":61,"column":25},"end":{"line":64,"column":6}},"29":{"start":{"line":65,"column":19},"end":{"line":65,"column":44}},"30":{"start":{"line":67,"column":4},"end":{"line":67,"column":null}},"31":{"start":{"line":76,"column":4},"end":{"line":83,"column":null}},"32":{"start":{"line":77,"column":33},"end":{"line":77,"column":74}},"33":{"start":{"line":78,"column":21},"end":{"line":78,"column":38}},"34":{"start":{"line":80,"column":6},"end":{"line":80,"column":null}},"35":{"start":{"line":82,"column":6},"end":{"line":82,"column":null}},"36":{"start":{"line":91,"column":4},"end":{"line":91,"column":null}},"37":{"start":{"line":100,"column":15},"end":{"line":100,"column":56}},"38":{"start":{"line":102,"column":4},"end":{"line":103,"column":null}},"39":{"start":{"line":103,"column":6},"end":{"line":103,"column":null}},"40":{"start":{"line":105,"column":4},"end":{"line":105,"column":null}},"41":{"start":{"line":114,"column":15},"end":{"line":114,"column":65}},"42":{"start":{"line":116,"column":4},"end":{"line":117,"column":null}},"43":{"start":{"line":117,"column":6},"end":{"line":117,"column":null}},"44":{"start":{"line":119,"column":4},"end":{"line":119,"column":null}},"45":{"start":{"line":128,"column":15},"end":{"line":128,"column":62}},"46":{"start":{"line":130,"column":4},"end":{"line":131,"column":null}},"47":{"start":{"line":131,"column":6},"end":{"line":131,"column":null}},"48":{"start":{"line":133,"column":4},"end":{"line":133,"column":null}},"49":{"start":{"line":143,"column":4},"end":{"line":153,"column":null}},"50":{"start":{"line":144,"column":32},"end":{"line":148,"column":8}},"51":{"start":{"line":150,"column":6},"end":{"line":150,"column":null}},"52":{"start":{"line":152,"column":6},"end":{"line":152,"column":null}},"53":{"start":{"line":163,"column":4},"end":{"line":176,"column":null}},"54":{"start":{"line":164,"column":32},"end":{"line":168,"column":8}},"55":{"start":{"line":170,"column":6},"end":{"line":170,"column":null}},"56":{"start":{"line":172,"column":6},"end":{"line":175,"column":null}},"57":{"start":{"line":173,"column":8},"end":{"line":173,"column":null}},"58":{"start":{"line":175,"column":8},"end":{"line":175,"column":null}},"59":{"start":{"line":186,"column":15},"end":{"line":186,"column":58}},"60":{"start":{"line":188,"column":4},"end":{"line":189,"column":null}},"61":{"start":{"line":189,"column":6},"end":{"line":189,"column":null}},"62":{"start":{"line":191,"column":4},"end":{"line":191,"column":null}},"63":{"start":{"line":196,"column":25},"end":{"line":198,"column":13}},"64":{"start":{"line":200,"column":4},"end":{"line":202,"column":null}},"65":{"start":{"line":201,"column":6},"end":{"line":201,"column":null}},"66":{"start":{"line":204,"column":4},"end":{"line":206,"column":null}},"67":{"start":{"line":205,"column":6},"end":{"line":205,"column":null}},"68":{"start":{"line":208,"column":17},"end":{"line":208,"column":68}},"69":{"start":{"line":210,"column":4},"end":{"line":212,"column":null}},"70":{"start":{"line":211,"column":6},"end":{"line":211,"column":null}},"71":{"start":{"line":214,"column":4},"end":{"line":214,"column":null}},"72":{"start":{"line":216,"column":19},"end":{"line":216,"column":36}},"73":{"start":{"line":219,"column":4},"end":{"line":219,"column":null}},"74":{"start":{"line":227,"column":17},"end":{"line":229,"column":13}},"75":{"start":{"line":231,"column":4},"end":{"line":233,"column":null}},"76":{"start":{"line":232,"column":6},"end":{"line":232,"column":null}},"77":{"start":{"line":235,"column":22},"end":{"line":235,"column":60}},"78":{"start":{"line":236,"column":24},"end":{"line":239,"column":6}},"79":{"start":{"line":240,"column":19},"end":{"line":240,"column":43}},"80":{"start":{"line":242,"column":4},"end":{"line":242,"column":null}},"81":{"start":{"line":253,"column":24},"end":{"line":255,"column":6}},"82":{"start":{"line":257,"column":4},"end":{"line":259,"column":null}},"83":{"start":{"line":258,"column":6},"end":{"line":258,"column":null}},"84":{"start":{"line":261,"column":4},"end":{"line":263,"column":null}},"85":{"start":{"line":262,"column":6},"end":{"line":262,"column":null}},"86":{"start":{"line":265,"column":17},"end":{"line":265,"column":48}},"87":{"start":{"line":267,"column":30},"end":{"line":271,"column":6}},"88":{"start":{"line":273,"column":4},"end":{"line":275,"column":null}},"89":{"start":{"line":274,"column":6},"end":{"line":274,"column":null}},"90":{"start":{"line":277,"column":4},"end":{"line":277,"column":null}},"91":{"start":{"line":15,"column":13},"end":{"line":279,"column":null}},"92":{"start":{"line":15,"column":13},"end":{"line":15,"column":24}}},"fnMap":{"0":{"name":"(anonymous_4)","decl":{"start":{"line":16,"column":2},"end":{"line":16,"column":15}},"loc":{"start":{"line":19,"column":45},"end":{"line":19,"column":50}}},"1":{"name":"(anonymous_5)","decl":{"start":{"line":26,"column":2},"end":{"line":26,"column":7}},"loc":{"start":{"line":26,"column":41},"end":{"line":47,"column":3}}},"2":{"name":"(anonymous_6)","decl":{"start":{"line":49,"column":2},"end":{"line":49,"column":7}},"loc":{"start":{"line":49,"column":32},"end":{"line":57,"column":3}}},"3":{"name":"(anonymous_7)","decl":{"start":{"line":59,"column":2},"end":{"line":59,"column":7}},"loc":{"start":{"line":59,"column":37},"end":{"line":68,"column":3}}},"4":{"name":"(anonymous_8)","decl":{"start":{"line":75,"column":2},"end":{"line":75,"column":7}},"loc":{"start":{"line":75,"column":73},"end":{"line":84,"column":3}}},"5":{"name":"(anonymous_9)","decl":{"start":{"line":90,"column":2},"end":{"line":90,"column":7}},"loc":{"start":{"line":90,"column":15},"end":{"line":92,"column":3}}},"6":{"name":"(anonymous_10)","decl":{"start":{"line":99,"column":2},"end":{"line":99,"column":7}},"loc":{"start":{"line":99,"column":32},"end":{"line":106,"column":3}}},"7":{"name":"(anonymous_11)","decl":{"start":{"line":113,"column":2},"end":{"line":113,"column":7}},"loc":{"start":{"line":113,"column":42},"end":{"line":120,"column":3}}},"8":{"name":"(anonymous_12)","decl":{"start":{"line":127,"column":2},"end":{"line":127,"column":7}},"loc":{"start":{"line":127,"column":36},"end":{"line":134,"column":3}}},"9":{"name":"(anonymous_13)","decl":{"start":{"line":142,"column":2},"end":{"line":142,"column":7}},"loc":{"start":{"line":142,"column":41},"end":{"line":154,"column":3}}},"10":{"name":"(anonymous_14)","decl":{"start":{"line":162,"column":2},"end":{"line":162,"column":7}},"loc":{"start":{"line":162,"column":61},"end":{"line":177,"column":3}}},"11":{"name":"(anonymous_15)","decl":{"start":{"line":185,"column":2},"end":{"line":185,"column":7}},"loc":{"start":{"line":185,"column":27},"end":{"line":192,"column":3}}},"12":{"name":"(anonymous_16)","decl":{"start":{"line":194,"column":2},"end":{"line":194,"column":7}},"loc":{"start":{"line":194,"column":32},"end":{"line":220,"column":3}}},"13":{"name":"(anonymous_17)","decl":{"start":{"line":226,"column":2},"end":{"line":226,"column":7}},"loc":{"start":{"line":226,"column":41},"end":{"line":244,"column":3}}},"14":{"name":"(anonymous_18)","decl":{"start":{"line":252,"column":2},"end":{"line":252,"column":7}},"loc":{"start":{"line":252,"column":60},"end":{"line":278,"column":3}}}},"branchMap":{"0":{"loc":{"start":{"line":40,"column":6},"end":{"line":43,"column":null}},"type":"if","locations":[{"start":{"line":40,"column":6},"end":{"line":43,"column":null}},{"start":{"line":40,"column":6},"end":{"line":43,"column":null}}]},"1":{"loc":{"start":{"line":40,"column":10},"end":{"line":40,"column":30}},"type":"binary-expr","locations":[{"start":{"line":40,"column":10},"end":{"line":40,"column":30}},{"start":{"line":40,"column":34},"end":{"line":40,"column":59}}]},"2":{"loc":{"start":{"line":42,"column":11},"end":{"line":43,"column":null}},"type":"if","locations":[{"start":{"line":42,"column":11},"end":{"line":43,"column":null}},{"start":{"line":42,"column":11},"end":{"line":43,"column":null}}]},"3":{"loc":{"start":{"line":42,"column":15},"end":{"line":42,"column":35}},"type":"binary-expr","locations":[{"start":{"line":42,"column":15},"end":{"line":42,"column":35}},{"start":{"line":42,"column":39},"end":{"line":42,"column":61}}]},"4":{"loc":{"start":{"line":52,"column":4},"end":{"line":54,"column":null}},"type":"if","locations":[{"start":{"line":52,"column":4},"end":{"line":54,"column":null}},{"start":{"line":52,"column":4},"end":{"line":54,"column":null}}]},"5":{"loc":{"start":{"line":102,"column":4},"end":{"line":103,"column":null}},"type":"if","locations":[{"start":{"line":102,"column":4},"end":{"line":103,"column":null}},{"start":{"line":102,"column":4},"end":{"line":103,"column":null}}]},"6":{"loc":{"start":{"line":116,"column":4},"end":{"line":117,"column":null}},"type":"if","locations":[{"start":{"line":116,"column":4},"end":{"line":117,"column":null}},{"start":{"line":116,"column":4},"end":{"line":117,"column":null}}]},"7":{"loc":{"start":{"line":130,"column":4},"end":{"line":131,"column":null}},"type":"if","locations":[{"start":{"line":130,"column":4},"end":{"line":131,"column":null}},{"start":{"line":130,"column":4},"end":{"line":131,"column":null}}]},"8":{"loc":{"start":{"line":172,"column":6},"end":{"line":175,"column":null}},"type":"if","locations":[{"start":{"line":172,"column":6},"end":{"line":175,"column":null}},{"start":{"line":172,"column":6},"end":{"line":175,"column":null}}]},"9":{"loc":{"start":{"line":188,"column":4},"end":{"line":189,"column":null}},"type":"if","locations":[{"start":{"line":188,"column":4},"end":{"line":189,"column":null}},{"start":{"line":188,"column":4},"end":{"line":189,"column":null}}]},"10":{"loc":{"start":{"line":200,"column":4},"end":{"line":202,"column":null}},"type":"if","locations":[{"start":{"line":200,"column":4},"end":{"line":202,"column":null}},{"start":{"line":200,"column":4},"end":{"line":202,"column":null}}]},"11":{"loc":{"start":{"line":204,"column":4},"end":{"line":206,"column":null}},"type":"if","locations":[{"start":{"line":204,"column":4},"end":{"line":206,"column":null}},{"start":{"line":204,"column":4},"end":{"line":206,"column":null}}]},"12":{"loc":{"start":{"line":210,"column":4},"end":{"line":212,"column":null}},"type":"if","locations":[{"start":{"line":210,"column":4},"end":{"line":212,"column":null}},{"start":{"line":210,"column":4},"end":{"line":212,"column":null}}]},"13":{"loc":{"start":{"line":231,"column":4},"end":{"line":233,"column":null}},"type":"if","locations":[{"start":{"line":231,"column":4},"end":{"line":233,"column":null}},{"start":{"line":231,"column":4},"end":{"line":233,"column":null}}]},"14":{"loc":{"start":{"line":257,"column":4},"end":{"line":259,"column":null}},"type":"if","locations":[{"start":{"line":257,"column":4},"end":{"line":259,"column":null}},{"start":{"line":257,"column":4},"end":{"line":259,"column":null}}]},"15":{"loc":{"start":{"line":261,"column":4},"end":{"line":263,"column":null}},"type":"if","locations":[{"start":{"line":261,"column":4},"end":{"line":263,"column":null}},{"start":{"line":261,"column":4},"end":{"line":263,"column":null}}]},"16":{"loc":{"start":{"line":273,"column":4},"end":{"line":275,"column":null}},"type":"if","locations":[{"start":{"line":273,"column":4},"end":{"line":275,"column":null}},{"start":{"line":273,"column":4},"end":{"line":275,"column":null}}]}},"s":{"0":3,"1":3,"2":3,"3":3,"4":3,"5":3,"6":3,"7":3,"8":36,"9":36,"10":36,"11":36,"12":5,"13":5,"14":5,"15":5,"16":4,"17":4,"18":1,"19":0,"20":1,"21":1,"22":0,"23":0,"24":0,"25":0,"26":0,"27":4,"28":4,"29":4,"30":4,"31":0,"32":0,"33":0,"34":0,"35":0,"36":1,"37":0,"38":0,"39":0,"40":0,"41":0,"42":0,"43":0,"44":0,"45":5,"46":5,"47":0,"48":5,"49":3,"50":3,"51":3,"52":0,"53":0,"54":0,"55":0,"56":0,"57":0,"58":0,"59":4,"60":4,"61":0,"62":4,"63":0,"64":0,"65":0,"66":0,"67":0,"68":0,"69":0,"70":0,"71":0,"72":0,"73":0,"74":0,"75":0,"76":0,"77":0,"78":0,"79":0,"80":0,"81":0,"82":0,"83":0,"84":0,"85":0,"86":0,"87":0,"88":0,"89":0,"90":0,"91":3,"92":3},"f":{"0":36,"1":5,"2":0,"3":4,"4":0,"5":1,"6":0,"7":0,"8":5,"9":3,"10":0,"11":4,"12":0,"13":0,"14":0},"b":{"0":[0,1],"1":[1,1],"2":[1,0],"3":[1,1],"4":[0,0],"5":[0,0],"6":[0,0],"7":[0,5],"8":[0,0],"9":[0,4],"10":[0,0],"11":[0,0],"12":[0,0],"13":[0,0],"14":[0,0],"15":[0,0],"16":[0,0]}}
,"C:\\_Projects_SSD\\TruthOrDare\\TruthOrDare-Backend\\src\\user\\dto\\create-user.dto.ts": {"path":"C:\\_Projects_SSD\\TruthOrDare\\TruthOrDare-Backend\\src\\user\\dto\\create-user.dto.ts","statementMap":{"0":{"start":{"line":1,"column":0},"end":{"line":1,"column":59}},"1":{"start":{"line":6,"column":4},"end":{"line":6,"column":null}},"2":{"start":{"line":9,"column":4},"end":{"line":9,"column":null}},"3":{"start":{"line":13,"column":4},"end":{"line":13,"column":null}},"4":{"start":{"line":3,"column":0},"end":{"line":3,"column":13}}},"fnMap":{},"branchMap":{},"s":{"0":3,"1":3,"2":3,"3":3,"4":3},"f":{},"b":{}}
,"C:\\_Projects_SSD\\TruthOrDare\\TruthOrDare-Backend\\src\\user\\dto\\update-user.dto.ts": {"path":"C:\\_Projects_SSD\\TruthOrDare\\TruthOrDare-Backend\\src\\user\\dto\\update-user.dto.ts","statementMap":{"0":{"start":{"line":1,"column":0},"end":{"line":1,"column":61}},"1":{"start":{"line":2,"column":0},"end":{"line":2,"column":50}},"2":{"start":{"line":4,"column":0},"end":{"line":4,"column":13}}},"fnMap":{},"branchMap":{},"s":{"0":3,"1":3,"2":3},"f":{},"b":{}}
,"C:\\_Projects_SSD\\TruthOrDare\\TruthOrDare-Backend\\src\\user\\entities\\user.entity.ts": {"path":"C:\\_Projects_SSD\\TruthOrDare\\TruthOrDare-Backend\\src\\user\\entities\\user.entity.ts","statementMap":{"0":{"start":{"line":1,"column":0},"end":{"line":1,"column":62}},"1":{"start":{"line":3,"column":0},"end":{"line":3,"column":41}},"2":{"start":{"line":4,"column":0},"end":{"line":4,"column":49}},"3":{"start":{"line":7,"column":0},"end":{"line":29,"column":null}},"4":{"start":{"line":11,"column":4},"end":{"line":11,"column":null}},"5":{"start":{"line":14,"column":4},"end":{"line":14,"column":null}},"6":{"start":{"line":19,"column":4},"end":{"line":19,"column":null}},"7":{"start":{"line":18,"column":28},"end":{"line":18,"column":56}},"8":{"start":{"line":22,"column":4},"end":{"line":22,"column":null}},"9":{"start":{"line":25,"column":4},"end":{"line":25,"column":null}},"10":{"start":{"line":28,"column":4},"end":{"line":28,"column":null}},"11":{"start":{"line":7,"column":13},"end":{"line":29,"column":null}},"12":{"start":{"line":7,"column":13},"end":{"line":7,"column":17}},"13":{"start":{"line":32,"column":13},"end":{"line":32,"column":null}}},"fnMap":{"0":{"name":"(anonymous_2)","decl":{"start":{"line":18,"column":22},"end":{"line":18,"column":25}},"loc":{"start":{"line":18,"column":28},"end":{"line":18,"column":56}}}},"branchMap":{"0":{"loc":{"start":{"line":18,"column":44},"end":{"line":18,"column":48}},"type":"cond-expr","locations":[{"start":{"line":18,"column":44},"end":{"line":18,"column":48}},{"start":{"line":18,"column":51},"end":{"line":18,"column":56}}]}},"s":{"0":3,"1":3,"2":3,"3":3,"4":3,"5":3,"6":3,"7":5,"8":3,"9":3,"10":3,"11":3,"12":3,"13":3},"f":{"0":5},"b":{"0":[0,5]}}
,"C:\\_Projects_SSD\\TruthOrDare\\TruthOrDare-Backend\\src\\user\\entities\\verify.entity.ts": {"path":"C:\\_Projects_SSD\\TruthOrDare\\TruthOrDare-Backend\\src\\user\\entities\\verify.entity.ts","statementMap":{"0":{"start":{"line":1,"column":0},"end":{"line":1,"column":61}},"1":{"start":{"line":2,"column":0},"end":{"line":2,"column":58}},"2":{"start":{"line":5,"column":0},"end":{"line":13,"column":null}},"3":{"start":{"line":9,"column":4},"end":{"line":9,"column":null}},"4":{"start":{"line":12,"column":4},"end":{"line":12,"column":null}},"5":{"start":{"line":5,"column":13},"end":{"line":13,"column":null}},"6":{"start":{"line":5,"column":13},"end":{"line":5,"column":24}},"7":{"start":{"line":16,"column":13},"end":{"line":16,"column":null}}},"fnMap":{},"branchMap":{},"s":{"0":3,"1":3,"2":3,"3":3,"4":3,"5":3,"6":3,"7":3},"f":{},"b":{}}
,"C:\\_Projects_SSD\\TruthOrDare\\TruthOrDare-Backend\\src\\user\\enums\\role.enum.ts": {"path":"C:\\_Projects_SSD\\TruthOrDare\\TruthOrDare-Backend\\src\\user\\enums\\role.enum.ts","statementMap":{"0":{"start":{"line":1,"column":0},"end":{"line":1,"column":null}},"1":{"start":{"line":2,"column":4},"end":{"line":2,"column":null}},"2":{"start":{"line":3,"column":4},"end":{"line":3,"column":null}}},"fnMap":{"0":{"name":"(anonymous_0)","decl":{"start":{"line":1,"column":0},"end":{"line":1,"column":12}},"loc":{"start":{"line":1,"column":16},"end":{"line":4,"column":1}}}},"branchMap":{"0":{"loc":{"start":{"line":1,"column":12},"end":{"line":1,"column":16}},"type":"binary-expr","locations":[{"start":{"line":1,"column":12},"end":{"line":1,"column":16}},{"start":{"line":1,"column":12},"end":{"line":1,"column":null}}]}},"s":{"0":3,"1":3,"2":3},"f":{"0":3},"b":{"0":[3,3]}}
,"C:\\_Projects_SSD\\TruthOrDare\\TruthOrDare-Backend\\src\\user\\enums\\status.enum.ts": {"path":"C:\\_Projects_SSD\\TruthOrDare\\TruthOrDare-Backend\\src\\user\\enums\\status.enum.ts","statementMap":{"0":{"start":{"line":1,"column":0},"end":{"line":1,"column":null}},"1":{"start":{"line":2,"column":4},"end":{"line":2,"column":null}},"2":{"start":{"line":3,"column":4},"end":{"line":3,"column":null}},"3":{"start":{"line":4,"column":4},"end":{"line":4,"column":null}},"4":{"start":{"line":5,"column":4},"end":{"line":5,"column":null}}},"fnMap":{"0":{"name":"(anonymous_0)","decl":{"start":{"line":1,"column":0},"end":{"line":1,"column":12}},"loc":{"start":{"line":1,"column":22},"end":{"line":6,"column":1}}}},"branchMap":{"0":{"loc":{"start":{"line":1,"column":12},"end":{"line":1,"column":22}},"type":"binary-expr","locations":[{"start":{"line":1,"column":12},"end":{"line":1,"column":22}},{"start":{"line":1,"column":12},"end":{"line":1,"column":null}}]}},"s":{"0":3,"1":3,"2":3,"3":3,"4":3},"f":{"0":3},"b":{"0":[3,3]}}
}
