TN:
SF:src\app.controller.ts
FN:6,(anonymous_2)
FN:9,(anonymous_3)
FNF:2
FNH:1
FNDA:36,(anonymous_2)
FNDA:0,(anonymous_3)
DA:1,3
DA:2,3
DA:5,3
DA:6,36
DA:9,3
DA:10,0
LF:6
LH:5
BRF:0
BRH:0
end_of_record
TN:
SF:src\app.module.ts
FN:23,(anonymous_1)
FNF:1
FNH:1
FNDA:36,(anonymous_1)
DA:1,3
DA:2,3
DA:3,3
DA:4,3
DA:5,3
DA:6,3
DA:7,3
DA:8,3
DA:9,3
DA:10,3
DA:11,3
DA:12,3
DA:13,3
DA:23,36
DA:40,3
LF:15
LH:15
BRF:0
BRH:0
end_of_record
TN:
SF:src\app.service.ts
FN:5,(anonymous_1)
FNF:1
FNH:0
FNDA:0,(anonymous_1)
DA:1,3
DA:4,3
DA:6,0
LF:3
LH:2
BRF:0
BRH:0
end_of_record
TN:
SF:src\auth\auth.controller.ts
FN:14,(anonymous_4)
FN:17,(anonymous_5)
FN:24,(anonymous_6)
FN:31,(anonymous_7)
FN:38,(anonymous_8)
FN:46,(anonymous_9)
FN:54,(anonymous_10)
FN:63,(anonymous_11)
FN:71,(anonymous_12)
FNF:9
FNH:3
FNDA:36,(anonymous_4)
FNDA:5,(anonymous_5)
FNDA:4,(anonymous_6)
FNDA:0,(anonymous_7)
FNDA:0,(anonymous_8)
FNDA:0,(anonymous_9)
FNDA:0,(anonymous_10)
FNDA:0,(anonymous_11)
FNDA:0,(anonymous_12)
DA:1,3
DA:2,3
DA:3,3
DA:4,3
DA:6,3
DA:7,3
DA:8,3
DA:9,3
DA:13,3
DA:14,36
DA:17,3
DA:19,5
DA:24,3
DA:26,4
DA:31,3
DA:38,3
DA:40,0
DA:46,3
DA:54,3
DA:56,0
DA:63,3
DA:71,3
DA:73,0
LF:23
LH:20
BRF:0
BRH:0
end_of_record
TN:
SF:src\auth\auth.module.ts
FN:19,(anonymous_1)
FNF:1
FNH:1
FNDA:36,(anonymous_1)
DA:1,3
DA:2,3
DA:3,3
DA:4,3
DA:5,3
DA:6,3
DA:7,3
DA:8,3
DA:9,3
DA:10,3
DA:11,3
DA:12,3
DA:19,36
DA:28,3
LF:14
LH:14
BRF:0
BRH:0
end_of_record
TN:
SF:src\auth\auth.service.ts
FN:12,(anonymous_3)
FN:22,(anonymous_4)
FN:38,(anonymous_5)
FN:53,(anonymous_6)
FN:79,(anonymous_7)
FNF:5
FNH:4
FNDA:36,(anonymous_3)
FNDA:5,(anonymous_4)
FNDA:5,(anonymous_5)
FNDA:0,(anonymous_6)
FNDA:8,(anonymous_7)
DA:1,3
DA:2,3
DA:4,3
DA:6,3
DA:11,3
DA:13,36
DA:14,36
DA:24,5
DA:26,4
DA:27,0
DA:29,4
DA:39,5
DA:40,5
DA:41,0
DA:43,5
DA:44,0
DA:46,5
DA:47,4
DA:48,4
DA:50,1
DA:54,0
DA:55,0
DA:58,0
DA:61,0
DA:62,0
DA:64,0
DA:65,0
DA:68,0
DA:71,0
DA:80,8
DA:86,8
LF:31
LH:19
BRDA:26,0,0,0
BRDA:26,0,1,4
BRDA:40,1,0,0
BRDA:40,1,1,5
BRDA:43,2,0,0
BRDA:43,2,1,5
BRDA:46,3,0,4
BRDA:46,3,1,1
BRDA:54,4,0,0
BRDA:54,4,1,0
BRDA:61,5,0,0
BRDA:61,5,1,0
BRDA:61,6,0,0
BRDA:61,6,1,0
BRDA:62,7,0,0
BRDA:62,7,1,0
BRDA:64,8,0,0
BRDA:64,8,1,0
BRF:18
BRH:5
end_of_record
TN:
SF:src\auth\dto\register.dto.ts
FNF:0
FNH:0
DA:1,3
DA:3,3
DA:6,3
DA:9,3
DA:13,3
LF:5
LH:5
BRF:0
BRH:0
end_of_record
TN:
SF:src\auth\roles\roles.decorator.ts
FN:4,(anonymous_0)
FNF:1
FNH:1
FNDA:12,(anonymous_0)
DA:1,3
DA:4,12
LF:2
LH:2
BRF:0
BRH:0
end_of_record
TN:
SF:src\auth\roles\roles.guard.ts
FN:7,(anonymous_2)
FN:9,(anonymous_3)
FN:16,(anonymous_4)
FNF:3
FNH:3
FNDA:72,(anonymous_2)
FNDA:6,(anonymous_3)
FNDA:6,(anonymous_4)
DA:1,3
DA:2,3
DA:6,3
DA:7,72
DA:10,6
DA:12,6
DA:13,0
DA:15,6
DA:16,6
LF:9
LH:8
BRDA:12,0,0,0
BRDA:12,0,1,6
BRDA:16,1,0,0
BRDA:16,1,1,6
BRDA:16,2,0,6
BRDA:16,2,1,6
BRF:6
BRH:4
end_of_record
TN:
SF:src\auth\strategies\discord\discord-auth.guard.ts
FNF:0
FNH:0
DA:1,3
DA:3,3
LF:2
LH:2
BRF:0
BRH:0
end_of_record
TN:
SF:src\auth\strategies\discord\discord.strategy.ts
FN:10,(anonymous_2)
FN:19,(anonymous_3)
FNF:2
FNH:1
FNDA:36,(anonymous_2)
FNDA:0,(anonymous_3)
DA:1,3
DA:2,3
DA:4,3
DA:6,3
DA:9,3
DA:10,36
DA:11,36
DA:24,0
DA:26,0
DA:31,0
LF:10
LH:7
BRF:0
BRH:0
end_of_record
TN:
SF:src\auth\strategies\facebook\facebook-auth.guard.ts
FNF:0
FNH:0
DA:1,3
DA:3,3
LF:2
LH:2
BRF:0
BRH:0
end_of_record
TN:
SF:src\auth\strategies\facebook\facebook.strategy.ts
FN:10,(anonymous_2)
FN:20,(anonymous_3)
FNF:2
FNH:1
FNDA:36,(anonymous_2)
FNDA:0,(anonymous_3)
DA:1,3
DA:2,3
DA:4,3
DA:6,3
DA:9,3
DA:10,36
DA:11,36
DA:21,0
DA:26,0
LF:9
LH:7
BRF:0
BRH:0
end_of_record
TN:
SF:src\auth\strategies\google\google-auth.guard.ts
FNF:0
FNH:0
DA:1,3
DA:3,3
LF:2
LH:2
BRF:0
BRH:0
end_of_record
TN:
SF:src\auth\strategies\google\google.strategy.ts
FN:10,(anonymous_2)
FN:29,(anonymous_3)
FNF:2
FNH:1
FNDA:36,(anonymous_2)
FNDA:0,(anonymous_3)
DA:1,3
DA:2,3
DA:3,3
DA:5,3
DA:6,3
DA:9,3
DA:11,36
DA:12,36
DA:14,36
DA:30,0
DA:36,0
LF:11
LH:9
BRF:0
BRH:0
end_of_record
TN:
SF:src\auth\strategies\jwt\jwt-auth.guard.ts
FNF:0
FNH:0
DA:1,3
DA:3,3
LF:2
LH:2
BRF:0
BRH:0
end_of_record
TN:
SF:src\auth\strategies\jwt\jwt.strategy.ts
FN:6,(anonymous_0)
FN:19,(anonymous_1)
FNF:2
FNH:2
FNDA:36,(anonymous_0)
FNDA:19,(anonymous_1)
DA:1,3
DA:2,3
DA:5,3
DA:7,36
DA:21,19
LF:5
LH:5
BRF:0
BRH:0
end_of_record
TN:
SF:src\auth\strategies\local\local-auth.guard.ts
FNF:0
FNH:0
DA:1,3
DA:3,3
LF:2
LH:2
BRF:0
BRH:0
end_of_record
TN:
SF:src\auth\strategies\local\local.strategy.ts
FN:9,(anonymous_2)
FN:22,(anonymous_3)
FNF:2
FNH:2
FNDA:36,(anonymous_2)
FNDA:5,(anonymous_3)
DA:1,3
DA:2,3
DA:3,3
DA:4,3
DA:8,3
DA:9,36
DA:10,36
DA:23,5
DA:24,5
DA:25,1
DA:26,4
LF:11
LH:11
BRDA:24,0,0,1
BRDA:24,0,1,4
BRF:2
BRH:2
end_of_record
TN:
SF:src\mail\mail.controller.ts
FN:6,(anonymous_4)
FN:11,(anonymous_5)
FNF:2
FNH:1
FNDA:36,(anonymous_4)
FNDA:0,(anonymous_5)
DA:1,3
DA:2,3
DA:5,3
DA:6,36
DA:11,3
DA:12,0
LF:6
LH:5
BRF:0
BRH:0
end_of_record
TN:
SF:src\mail\mail.module.ts
FNF:0
FNH:0
DA:1,3
DA:2,3
DA:3,3
DA:4,3
DA:14,3
LF:5
LH:5
BRF:0
BRH:0
end_of_record
TN:
SF:src\mail\mail.service.ts
FN:18,(anonymous_2)
FN:37,(anonymous_3)
FN:55,(anonymous_4)
FN:69,(anonymous_5)
FN:84,(anonymous_6)
FNF:5
FNH:3
FNDA:72,(anonymous_2)
FNDA:4,(anonymous_3)
FNDA:0,(anonymous_4)
FNDA:4,(anonymous_5)
FNDA:0,(anonymous_6)
DA:1,3
DA:2,3
DA:3,3
DA:4,3
DA:5,3
DA:6,3
DA:7,3
DA:9,3
DA:14,3
DA:18,72
DA:19,72
DA:38,4
DA:39,4
DA:46,0
DA:56,0
DA:57,0
DA:60,0
DA:70,4
DA:71,4
DA:75,4
DA:85,0
DA:86,0
DA:90,0
LF:23
LH:16
BRF:0
BRH:0
end_of_record
TN:
SF:src\report\report.controller.ts
FN:16,(anonymous_4)
FN:22,(anonymous_5)
FN:33,(anonymous_6)
FN:43,(anonymous_7)
FN:54,(anonymous_8)
FNF:5
FNH:5
FNDA:36,(anonymous_4)
FNDA:1,(anonymous_5)
FNDA:1,(anonymous_6)
FNDA:1,(anonymous_7)
FNDA:2,(anonymous_8)
DA:1,3
DA:2,3
DA:3,3
DA:4,3
DA:5,3
DA:6,3
DA:7,3
DA:8,3
DA:9,3
DA:10,3
DA:11,3
DA:15,3
DA:16,36
DA:22,3
DA:25,1
DA:33,3
DA:35,1
DA:43,3
DA:45,1
DA:54,3
DA:58,2
LF:21
LH:21
BRF:0
BRH:0
end_of_record
TN:
SF:src\report\report.module.ts
FNF:0
FNH:0
DA:1,3
DA:2,3
DA:3,3
DA:4,3
DA:5,3
DA:6,3
DA:13,3
LF:7
LH:7
BRF:0
BRH:0
end_of_record
TN:
SF:src\report\report.service.ts
FN:14,(anonymous_4)
FN:22,(anonymous_5)
FN:40,(anonymous_6)
FN:52,(anonymous_7)
FN:66,(anonymous_8)
FNF:5
FNH:5
FNDA:36,(anonymous_4)
FNDA:1,(anonymous_5)
FNDA:1,(anonymous_6)
FNDA:1,(anonymous_7)
FNDA:2,(anonymous_8)
DA:1,3
DA:2,3
DA:3,3
DA:6,3
DA:10,3
DA:13,3
DA:14,36
DA:15,36
DA:23,1
DA:24,1
DA:28,1
DA:30,1
DA:32,0
DA:41,1
DA:42,1
DA:44,1
DA:53,1
DA:55,1
DA:56,0
DA:58,1
DA:68,2
DA:71,2
DA:73,1
DA:74,1
DA:75,0
DA:77,1
DA:81,1
DA:87,1
DA:88,0
LF:29
LH:25
BRDA:55,0,0,0
BRDA:55,0,1,1
BRDA:68,1,0,2
BRDA:68,1,1,0
BRDA:71,2,0,1
BRDA:71,2,1,1
BRDA:71,3,0,2
BRDA:71,3,1,2
BRDA:74,4,0,0
BRDA:74,4,1,1
BRDA:87,5,0,0
BRDA:87,5,1,1
BRF:12
BRH:8
end_of_record
TN:
SF:src\report\dto\create-report.dto.ts
FNF:0
FNH:0
DA:1,3
DA:3,3
DA:4,3
DA:6,3
DA:8,3
DA:11,3
DA:15,3
LF:7
LH:7
BRF:0
BRH:0
end_of_record
TN:
SF:src\report\entities\report.entity.ts
FN:13,(anonymous_2)
FNF:1
FNH:1
FNDA:3,(anonymous_2)
DA:1,3
DA:2,3
DA:3,3
DA:4,3
DA:5,3
DA:8,3
DA:11,3
DA:15,3
DA:17,0
DA:19,0
DA:21,0
DA:23,3
DA:26,3
DA:29,3
DA:32,3
DA:35,3
DA:39,3
LF:17
LH:14
BRDA:16,0,0,0
BRDA:16,0,1,0
BRDA:16,0,2,0
BRF:3
BRH:0
end_of_record
TN:
SF:src\report\enums\content-type.enum.ts
FN:1,(anonymous_0)
FNF:1
FNH:1
FNDA:3,(anonymous_0)
DA:1,3
DA:2,3
DA:3,3
DA:4,3
LF:4
LH:4
BRDA:1,0,0,3
BRDA:1,0,1,3
BRF:2
BRH:2
end_of_record
TN:
SF:src\report\enums\delete-type.ts
FN:1,(anonymous_0)
FNF:1
FNH:1
FNDA:3,(anonymous_0)
DA:1,3
DA:2,3
DA:3,3
LF:3
LH:3
BRDA:1,0,0,3
BRDA:1,0,1,3
BRF:2
BRH:2
end_of_record
TN:
SF:src\report\enums\reason.enum.ts
FN:1,(anonymous_0)
FNF:1
FNH:1
FNDA:3,(anonymous_0)
DA:1,3
DA:2,3
DA:3,3
DA:4,3
DA:5,3
DA:6,3
DA:7,3
LF:7
LH:7
BRDA:1,0,0,3
BRDA:1,0,1,3
BRF:2
BRH:2
end_of_record
TN:
SF:src\report\enums\status.enum.ts
FN:1,(anonymous_0)
FNF:1
FNH:1
FNDA:3,(anonymous_0)
DA:1,3
DA:2,3
DA:3,3
LF:3
LH:3
BRDA:1,0,0,3
BRDA:1,0,1,3
BRF:2
BRH:2
end_of_record
TN:
SF:src\search\search.controller.ts
FN:9,(anonymous_4)
FN:13,(anonymous_5)
FN:21,(anonymous_6)
FNF:3
FNH:1
FNDA:36,(anonymous_4)
FNDA:0,(anonymous_5)
FNDA:0,(anonymous_6)
DA:1,3
DA:2,3
DA:3,3
DA:4,3
DA:8,3
DA:9,36
DA:13,3
DA:16,0
DA:21,3
DA:25,0
LF:10
LH:8
BRF:0
BRH:0
end_of_record
TN:
SF:src\search\search.module.ts
FNF:0
FNH:0
DA:1,3
DA:2,3
DA:3,3
DA:4,3
DA:6,3
DA:7,3
DA:8,3
DA:16,3
LF:8
LH:8
BRF:0
BRH:0
end_of_record
TN:
SF:src\search\search.service.ts
FN:10,(anonymous_4)
FN:13,(anonymous_5)
FN:52,(anonymous_6)
FN:58,(anonymous_7)
FN:79,(anonymous_8)
FNF:5
FNH:1
FNDA:36,(anonymous_4)
FNDA:0,(anonymous_5)
FNDA:0,(anonymous_6)
FNDA:0,(anonymous_7)
FNDA:0,(anonymous_8)
DA:1,3
DA:2,3
DA:3,3
DA:9,3
DA:10,36
DA:11,36
DA:14,0
DA:15,0
DA:18,0
DA:19,0
DA:22,0
DA:23,0
DA:24,0
DA:46,0
DA:48,0
DA:50,0
DA:52,0
DA:53,0
DA:56,0
DA:57,0
DA:58,0
DA:59,0
DA:61,0
DA:64,0
DA:65,0
DA:74,0
DA:75,0
DA:77,0
DA:79,0
DA:80,0
DA:82,0
DA:84,0
DA:85,0
DA:95,0
DA:96,0
LF:35
LH:6
BRDA:13,0,0,0
BRDA:14,1,0,0
BRDA:14,1,1,0
BRDA:46,2,0,0
BRDA:46,2,1,0
BRDA:46,3,0,0
BRDA:46,3,1,0
BRDA:64,4,0,0
BRDA:64,4,1,0
BRDA:74,5,0,0
BRDA:74,5,1,0
BRDA:74,6,0,0
BRDA:74,6,1,0
BRDA:84,7,0,0
BRDA:84,7,1,0
BRDA:95,8,0,0
BRDA:95,8,1,0
BRF:17
BRH:0
end_of_record
TN:
SF:src\set\set.controller.ts
FN:16,(anonymous_4)
FN:21,(anonymous_5)
FN:28,(anonymous_6)
FN:35,(anonymous_7)
FN:43,(anonymous_8)
FN:51,(anonymous_9)
FN:60,(anonymous_10)
FN:69,(anonymous_11)
FN:81,(anonymous_12)
FN:91,(anonymous_13)
FN:101,(anonymous_14)
FN:112,(anonymous_15)
FN:124,(anonymous_16)
FNF:13
FNH:3
FNDA:36,(anonymous_4)
FNDA:2,(anonymous_5)
FNDA:0,(anonymous_6)
FNDA:0,(anonymous_7)
FNDA:0,(anonymous_8)
FNDA:0,(anonymous_9)
FNDA:0,(anonymous_10)
FNDA:0,(anonymous_11)
FNDA:6,(anonymous_12)
FNDA:0,(anonymous_13)
FNDA:0,(anonymous_14)
FNDA:0,(anonymous_15)
FNDA:0,(anonymous_16)
DA:1,3
DA:2,3
DA:5,3
DA:6,3
DA:7,3
DA:8,3
DA:9,3
DA:10,3
DA:11,3
DA:15,3
DA:16,36
DA:21,3
DA:23,2
DA:28,3
DA:29,0
DA:35,3
DA:37,0
DA:38,0
DA:43,3
DA:45,0
DA:51,3
DA:54,0
DA:55,0
DA:60,3
DA:62,0
DA:63,0
DA:69,3
DA:73,0
DA:81,3
DA:85,6
DA:91,3
DA:95,0
DA:101,3
DA:106,0
DA:112,3
DA:117,0
DA:124,3
DA:125,0
LF:38
LH:25
BRF:0
BRH:0
end_of_record
TN:
SF:src\set\set.data.ts
FNF:0
FNH:0
DA:1,3
DA:2,3
DA:3,3
DA:7,3
LF:4
LH:4
BRF:0
BRH:0
end_of_record
TN:
SF:src\set\set.module.ts
FNF:0
FNH:0
DA:1,3
DA:2,3
DA:3,3
DA:4,3
DA:5,3
DA:6,3
DA:7,3
DA:20,3
LF:8
LH:8
BRF:0
BRH:0
end_of_record
TN:
SF:src\set\set.service.ts
FN:20,(anonymous_4)
FN:27,(anonymous_5)
FN:55,(anonymous_6)
FN:69,(anonymous_7)
FN:85,(anonymous_8)
FN:102,(anonymous_9)
FN:137,(anonymous_10)
FN:162,(anonymous_11)
FN:180,(anonymous_12)
FN:221,(anonymous_13)
FN:226,(anonymous_14)
FN:244,(anonymous_15)
FN:321,(anonymous_16)
FN:323,(anonymous_17)
FN:328,(anonymous_18)
FNF:15
FNH:3
FNDA:36,(anonymous_4)
FNDA:2,(anonymous_5)
FNDA:0,(anonymous_6)
FNDA:0,(anonymous_7)
FNDA:0,(anonymous_8)
FNDA:6,(anonymous_9)
FNDA:0,(anonymous_10)
FNDA:0,(anonymous_11)
FNDA:0,(anonymous_12)
FNDA:0,(anonymous_13)
FNDA:0,(anonymous_14)
FNDA:0,(anonymous_15)
FNDA:0,(anonymous_16)
FNDA:0,(anonymous_17)
FNDA:0,(anonymous_18)
DA:1,3
DA:2,3
DA:3,3
DA:5,3
DA:6,3
DA:7,3
DA:14,3
DA:15,3
DA:19,3
DA:21,36
DA:22,36
DA:23,36
DA:28,2
DA:30,2
DA:32,2
DA:47,0
DA:48,0
DA:50,0
DA:51,0
DA:57,0
DA:62,0
DA:63,0
DA:65,0
DA:71,0
DA:76,0
DA:77,0
DA:80,0
DA:82,0
DA:87,0
DA:89,0
DA:90,0
DA:93,0
DA:95,0
DA:96,0
DA:98,0
DA:105,6
DA:106,3
DA:107,1
DA:109,2
DA:111,2
DA:112,0
DA:114,2
DA:119,3
DA:121,3
DA:122,2
DA:124,3
DA:126,3
DA:127,1
DA:129,2
DA:139,0
DA:140,0
DA:142,0
DA:143,0
DA:145,0
DA:147,0
DA:149,0
DA:150,0
DA:152,0
DA:164,0
DA:165,0
DA:166,0
DA:168,0
DA:170,0
DA:172,0
DA:173,0
DA:175,0
DA:177,0
DA:183,0
DA:184,0
DA:185,0
DA:187,0
DA:189,0
DA:190,0
DA:193,0
DA:195,0
DA:200,0
DA:201,0
DA:202,0
DA:204,0
DA:206,0
DA:207,0
DA:209,0
DA:211,0
DA:223,0
DA:226,0
DA:227,0
DA:228,0
DA:237,0
DA:247,0
DA:309,0
DA:310,0
DA:311,0
DA:313,0
DA:323,0
DA:324,0
DA:328,0
DA:329,0
DA:337,0
LF:98
LH:28
BRDA:47,0,0,0
BRDA:47,0,1,0
BRDA:62,1,0,0
BRDA:62,1,1,0
BRDA:76,2,0,0
BRDA:76,2,1,0
BRDA:89,3,0,0
BRDA:89,3,1,0
BRDA:95,4,0,0
BRDA:95,4,1,0
BRDA:105,5,0,3
BRDA:105,5,1,3
BRDA:106,6,0,1
BRDA:106,6,1,2
BRDA:111,7,0,0
BRDA:111,7,1,2
BRDA:121,8,0,2
BRDA:121,8,1,1
BRDA:126,9,0,1
BRDA:126,9,1,2
BRDA:142,10,0,0
BRDA:142,10,1,0
BRDA:145,11,0,0
BRDA:145,11,1,0
BRDA:149,12,0,0
BRDA:149,12,1,0
BRDA:165,13,0,0
BRDA:165,13,1,0
BRDA:172,14,0,0
BRDA:172,14,1,0
BRDA:183,15,0,0
BRDA:183,15,1,0
BRDA:184,16,0,0
BRDA:184,16,1,0
BRDA:189,17,0,0
BRDA:189,17,1,0
BRDA:201,18,0,0
BRDA:201,18,1,0
BRDA:206,19,0,0
BRDA:206,19,1,0
BRDA:227,20,0,0
BRDA:227,20,1,0
BRDA:310,21,0,0
BRDA:310,21,1,0
BRF:44
BRH:9
end_of_record
TN:
SF:src\set\dto\create-set.dto.ts
FN:4,(anonymous_2)
FNF:1
FNH:1
FNDA:2,(anonymous_2)
DA:1,3
DA:2,3
DA:4,3
DA:8,3
DA:12,5
LF:5
LH:5
BRF:0
BRH:0
end_of_record
TN:
SF:src\set\dto\create-task.dto.ts
FN:5,(anonymous_2)
FNF:1
FNH:0
FNDA:0,(anonymous_2)
DA:1,3
DA:2,3
DA:3,3
DA:5,3
DA:9,3
DA:12,3
DA:17,3
LF:7
LH:7
BRF:0
BRH:0
end_of_record
TN:
SF:src\set\dto\update-set.dto.ts
FNF:0
FNH:0
DA:1,3
DA:2,3
DA:4,3
LF:3
LH:3
BRF:0
BRH:0
end_of_record
TN:
SF:src\set\dto\update-task.dto.ts
FNF:0
FNH:0
DA:1,3
DA:2,3
DA:4,3
LF:3
LH:3
BRF:0
BRH:0
end_of_record
TN:
SF:src\set\entities\set.entity.ts
FNF:0
FNH:0
DA:1,3
DA:2,3
DA:3,3
DA:4,3
DA:5,3
DA:8,3
DA:13,3
DA:16,3
DA:19,3
DA:22,3
DA:25,3
DA:28,3
DA:31,3
DA:34,3
DA:37,3
DA:41,3
LF:16
LH:16
BRF:0
BRH:0
end_of_record
TN:
SF:src\set\entities\task.entity.ts
FNF:0
FNH:0
DA:1,3
DA:3,3
DA:4,3
DA:5,3
DA:9,3
DA:14,3
DA:17,3
DA:20,3
DA:23,3
DA:27,3
LF:10
LH:10
BRF:0
BRH:0
end_of_record
TN:
SF:src\set\enums\currentplayergender.enum.ts
FN:1,(anonymous_0)
FNF:1
FNH:1
FNDA:3,(anonymous_0)
DA:1,3
DA:2,3
DA:3,3
DA:4,3
LF:4
LH:4
BRDA:1,0,0,3
BRDA:1,0,1,3
BRF:2
BRH:2
end_of_record
TN:
SF:src\set\enums\tasktype.enum.ts
FN:1,(anonymous_0)
FNF:1
FNH:1
FNDA:3,(anonymous_0)
DA:1,3
DA:2,3
DA:3,3
LF:3
LH:3
BRDA:1,0,0,3
BRDA:1,0,1,3
BRF:2
BRH:2
end_of_record
TN:
SF:src\shared\shared.module.ts
FNF:0
FNH:0
DA:1,3
DA:2,3
DA:8,3
LF:3
LH:3
BRF:0
BRH:0
end_of_record
TN:
SF:src\shared\shared.service.ts
FN:6,(anonymous_1)
FNF:1
FNH:1
FNDA:1,(anonymous_1)
DA:1,3
DA:5,3
DA:12,1
DA:14,1
DA:16,1
DA:17,1
DA:19,1
LF:7
LH:7
BRDA:14,0,0,0
BRDA:14,0,1,1
BRDA:16,1,0,0
BRDA:16,1,1,1
BRDA:17,2,0,0
BRDA:17,2,1,1
BRDA:23,3,0,1
BRDA:23,3,1,0
BRDA:25,4,0,1
BRDA:25,4,1,0
BRF:10
BRH:5
end_of_record
TN:
SF:src\shared\dto\mongoId.dto.ts
FNF:0
FNH:0
DA:1,3
DA:5,3
DA:8,3
LF:3
LH:3
BRF:0
BRH:0
end_of_record
TN:
SF:src\shared\dto\pagination.dto.ts
FN:4,(anonymous_2)
FN:6,(anonymous_3)
FN:12,(anonymous_4)
FNF:3
FNH:1
FNDA:1,(anonymous_2)
FNDA:0,(anonymous_3)
FNDA:0,(anonymous_4)
DA:1,3
DA:2,3
DA:4,3
DA:6,0
DA:9,3
DA:12,0
DA:15,3
LF:7
LH:5
BRF:0
BRH:0
end_of_record
TN:
SF:src\shared\enums\language.enum.ts
FN:1,(anonymous_0)
FNF:1
FNH:1
FNDA:3,(anonymous_0)
DA:1,3
DA:2,3
DA:3,3
LF:3
LH:3
BRDA:1,0,0,3
BRDA:1,0,1,3
BRF:2
BRH:2
end_of_record
TN:
SF:src\shared\enums\status.enum.ts
FN:1,(anonymous_0)
FNF:1
FNH:1
FNDA:3,(anonymous_0)
DA:1,3
DA:2,3
DA:3,3
DA:4,3
DA:5,3
LF:5
LH:5
BRDA:1,0,0,3
BRDA:1,0,1,3
BRF:2
BRH:2
end_of_record
TN:
SF:src\system\system.controller.ts
FN:8,(anonymous_2)
FNF:1
FNH:1
FNDA:36,(anonymous_2)
DA:1,3
DA:2,3
DA:3,3
DA:7,3
DA:8,36
LF:5
LH:5
BRF:0
BRH:0
end_of_record
TN:
SF:src\system\system.module.ts
FNF:0
FNH:0
DA:1,3
DA:2,3
DA:3,3
DA:9,3
LF:4
LH:4
BRF:0
BRH:0
end_of_record
TN:
SF:src\system\system.service.ts
FNF:0
FNH:0
DA:1,3
DA:4,3
LF:2
LH:2
BRF:0
BRH:0
end_of_record
TN:
SF:src\user\user.controller.ts
FN:15,(anonymous_4)
FN:20,(anonymous_5)
FN:27,(anonymous_6)
FN:35,(anonymous_7)
FN:45,(anonymous_8)
FN:51,(anonymous_9)
FN:56,(anonymous_10)
FN:64,(anonymous_11)
FN:69,(anonymous_12)
FN:75,(anonymous_13)
FN:80,(anonymous_14)
FNF:11
FNH:5
FNDA:36,(anonymous_4)
FNDA:1,(anonymous_5)
FNDA:0,(anonymous_6)
FNDA:4,(anonymous_7)
FNDA:3,(anonymous_8)
FNDA:0,(anonymous_9)
FNDA:0,(anonymous_10)
FNDA:4,(anonymous_11)
FNDA:0,(anonymous_12)
FNDA:0,(anonymous_13)
FNDA:0,(anonymous_14)
DA:1,3
DA:2,3
DA:3,3
DA:6,3
DA:7,3
DA:8,3
DA:9,3
DA:10,3
DA:14,3
DA:15,36
DA:20,3
DA:21,1
DA:27,3
DA:28,0
DA:29,0
DA:35,3
DA:36,4
DA:45,3
DA:46,3
DA:51,3
DA:52,0
DA:56,3
DA:60,0
DA:64,3
DA:65,4
DA:69,3
DA:70,0
DA:75,3
DA:76,0
DA:80,3
DA:81,0
LF:31
LH:24
BRF:0
BRH:0
end_of_record
TN:
SF:src\user\user.module.ts
FNF:0
FNH:0
DA:1,3
DA:2,3
DA:3,3
DA:4,3
DA:5,3
DA:6,3
DA:7,3
DA:8,3
DA:19,3
LF:9
LH:9
BRF:0
BRH:0
end_of_record
TN:
SF:src\user\user.service.ts
FN:16,(anonymous_4)
FN:26,(anonymous_5)
FN:49,(anonymous_6)
FN:59,(anonymous_7)
FN:75,(anonymous_8)
FN:90,(anonymous_9)
FN:99,(anonymous_10)
FN:113,(anonymous_11)
FN:127,(anonymous_12)
FN:142,(anonymous_13)
FN:162,(anonymous_14)
FN:185,(anonymous_15)
FN:194,(anonymous_16)
FN:226,(anonymous_17)
FN:252,(anonymous_18)
FNF:15
FNH:7
FNDA:36,(anonymous_4)
FNDA:5,(anonymous_5)
FNDA:0,(anonymous_6)
FNDA:4,(anonymous_7)
FNDA:0,(anonymous_8)
FNDA:1,(anonymous_9)
FNDA:0,(anonymous_10)
FNDA:0,(anonymous_11)
FNDA:5,(anonymous_12)
FNDA:3,(anonymous_13)
FNDA:0,(anonymous_14)
FNDA:4,(anonymous_15)
FNDA:0,(anonymous_16)
FNDA:0,(anonymous_17)
FNDA:0,(anonymous_18)
DA:1,3
DA:2,3
DA:3,3
DA:7,3
DA:9,3
DA:10,3
DA:12,3
DA:15,3
DA:16,36
DA:17,36
DA:18,36
DA:19,36
DA:27,5
DA:28,5
DA:29,5
DA:34,5
DA:36,4
DA:38,4
DA:40,1
DA:41,0
DA:42,1
DA:43,1
DA:44,0
DA:50,0
DA:52,0
DA:53,0
DA:56,0
DA:60,4
DA:61,4
DA:65,4
DA:67,4
DA:76,0
DA:77,0
DA:78,0
DA:80,0
DA:82,0
DA:91,1
DA:100,0
DA:102,0
DA:103,0
DA:105,0
DA:114,0
DA:116,0
DA:117,0
DA:119,0
DA:128,5
DA:130,5
DA:131,0
DA:133,5
DA:143,3
DA:144,3
DA:150,3
DA:152,0
DA:163,0
DA:164,0
DA:170,0
DA:172,0
DA:173,0
DA:175,0
DA:186,4
DA:188,4
DA:189,0
DA:191,4
DA:196,0
DA:200,0
DA:201,0
DA:204,0
DA:205,0
DA:208,0
DA:210,0
DA:211,0
DA:214,0
DA:216,0
DA:219,0
DA:227,0
DA:231,0
DA:232,0
DA:235,0
DA:236,0
DA:240,0
DA:242,0
DA:253,0
DA:257,0
DA:258,0
DA:261,0
DA:262,0
DA:265,0
DA:267,0
DA:273,0
DA:274,0
DA:277,0
LF:91
LH:35
BRDA:40,0,0,0
BRDA:40,0,1,1
BRDA:40,1,0,1
BRDA:40,1,1,1
BRDA:42,2,0,1
BRDA:42,2,1,0
BRDA:42,3,0,1
BRDA:42,3,1,1
BRDA:52,4,0,0
BRDA:52,4,1,0
BRDA:102,5,0,0
BRDA:102,5,1,0
BRDA:116,6,0,0
BRDA:116,6,1,0
BRDA:130,7,0,0
BRDA:130,7,1,5
BRDA:172,8,0,0
BRDA:172,8,1,0
BRDA:188,9,0,0
BRDA:188,9,1,4
BRDA:200,10,0,0
BRDA:200,10,1,0
BRDA:204,11,0,0
BRDA:204,11,1,0
BRDA:210,12,0,0
BRDA:210,12,1,0
BRDA:231,13,0,0
BRDA:231,13,1,0
BRDA:257,14,0,0
BRDA:257,14,1,0
BRDA:261,15,0,0
BRDA:261,15,1,0
BRDA:273,16,0,0
BRDA:273,16,1,0
BRF:34
BRH:8
end_of_record
TN:
SF:src\user\dto\create-user.dto.ts
FNF:0
FNH:0
DA:1,3
DA:3,3
DA:6,3
DA:9,3
DA:13,3
LF:5
LH:5
BRF:0
BRH:0
end_of_record
TN:
SF:src\user\dto\update-user.dto.ts
FNF:0
FNH:0
DA:1,3
DA:2,3
DA:4,3
LF:3
LH:3
BRF:0
BRH:0
end_of_record
TN:
SF:src\user\entities\user.entity.ts
FN:18,(anonymous_2)
FNF:1
FNH:1
FNDA:5,(anonymous_2)
DA:1,3
DA:3,3
DA:4,3
DA:7,3
DA:11,3
DA:14,3
DA:18,5
DA:19,3
DA:22,3
DA:25,3
DA:28,3
DA:32,3
LF:12
LH:12
BRDA:18,0,0,0
BRDA:18,0,1,5
BRF:2
BRH:1
end_of_record
TN:
SF:src\user\entities\verify.entity.ts
FNF:0
FNH:0
DA:1,3
DA:2,3
DA:5,3
DA:9,3
DA:12,3
DA:16,3
LF:6
LH:6
BRF:0
BRH:0
end_of_record
TN:
SF:src\user\enums\role.enum.ts
FN:1,(anonymous_0)
FNF:1
FNH:1
FNDA:3,(anonymous_0)
DA:1,3
DA:2,3
DA:3,3
LF:3
LH:3
BRDA:1,0,0,3
BRDA:1,0,1,3
BRF:2
BRH:2
end_of_record
TN:
SF:src\user\enums\status.enum.ts
FN:1,(anonymous_0)
FNF:1
FNH:1
FNDA:3,(anonymous_0)
DA:1,3
DA:2,3
DA:3,3
DA:4,3
DA:5,3
LF:5
LH:5
BRDA:1,0,0,3
BRDA:1,0,1,3
BRF:2
BRH:2
end_of_record
